/usr/local/anaconda3/envs/MachineLearning/bin/python3.8 /Users/abc_mac/PycharmProjects/MachineLearning/lab_5/non_linear_svm.py
-------------training_data3, gamma = 1---------------
----------Calculating Kernel Matrix...----------
100%|██████████| 211/211 [00:00<00:00, 661.55it/s]
----------Done----------
----------Constructing coefficient matrices...----------
----------Done----------
----------Solving QP problem by qp_solvers...----------
     pcost       dcost       gap    pres   dres
 0: -8.2044e+01 -2.3432e+02  9e+02  2e+01  3e+00
 1: -2.5130e+02 -5.2408e+02  7e+02  2e+01  2e+00
 2: -9.7557e+02 -1.5440e+03  7e+02  1e+01  2e+00
 3: -3.2239e+03 -3.7061e+03  5e+02  9e+00  1e+00
 4: -4.1725e+03 -4.7417e+03  6e+02  9e+00  1e+00
 5: -9.4247e+03 -1.0421e+04  1e+03  9e+00  1e+00
 6: -4.0548e+04 -4.3423e+04  3e+03  9e+00  1e+00
 7: -4.7267e+04 -5.0551e+04  3e+03  9e+00  1e+00
 8: -1.3436e+05 -1.4255e+05  8e+03  8e+00  1e+00
 9: -1.4971e+05 -1.5874e+05  9e+03  8e+00  1e+00
10: -3.6021e+05 -3.8008e+05  2e+04  8e+00  1e+00
11: -1.1355e+06 -1.1913e+06  6e+04  8e+00  1e+00
12: -2.7428e+06 -2.8682e+06  1e+05  8e+00  1e+00
13: -5.7306e+06 -5.9768e+06  2e+05  8e+00  1e+00
14: -1.5096e+07 -1.5694e+07  6e+05  8e+00  1e+00
15: -3.2545e+07 -3.3783e+07  1e+06  8e+00  1e+00
16: -4.4864e+07 -4.6545e+07  2e+06  8e+00  1e+00
17: -1.3557e+08 -1.4036e+08  5e+06  8e+00  1e+00
18: -4.3439e+08 -4.4873e+08  1e+07  8e+00  1e+00
19: -1.0778e+09 -1.1110e+09  3e+07  8e+00  1e+00
20: -1.1357e+09 -1.1705e+09  3e+07  8e+00  1e+00
21: -5.4466e+09 -5.5938e+09  1e+08  8e+00  1e+00
22: -1.1959e+10 -1.2266e+10  3e+08  8e+00  1e+00
23: -1.2016e+10 -1.2325e+10  3e+08  8e+00  1e+00
24: -2.2324e+10 -2.2884e+10  6e+08  8e+00  1e+00
25: -5.0981e+10 -5.2231e+10  1e+09  8e+00  1e+00
26: -6.3913e+10 -6.5468e+10  2e+09  8e+00  1e+00
27: -9.1139e+10 -9.3342e+10  2e+09  8e+00  1e+00
28: -1.6282e+11 -1.6670e+11  4e+09  8e+00  1e+00
29: -2.7747e+11 -2.8402e+11  7e+09  8e+00  1e+00
30: -2.8416e+11 -2.9086e+11  7e+09  8e+00  1e+00
31: -5.6961e+11 -5.8298e+11  1e+10  8e+00  1e+00
32: -1.0445e+12 -1.0691e+12  2e+10  8e+00  1e+00
33: -1.7147e+12 -1.7555e+12  4e+10  8e+00  1e+00
34: -2.6977e+12 -2.7624e+12  6e+10  8e+00  1e+00
35: -5.1111e+12 -5.2395e+12  1e+11  8e+00  1e+00
36: -7.5651e+12 -7.7682e+12  2e+11  8e+00  1e+00
37: -7.6498e+12 -7.8555e+12  2e+11  8e+00  1e+00
38: -1.2480e+13 -1.2861e+13  4e+11  8e+00  1e+00
39: -1.8938e+13 -1.9605e+13  7e+11  8e+00  1e+00
40: -3.4468e+13 -3.6059e+13  2e+12  8e+00  1e+00
41: -6.4034e+13 -6.8359e+13  4e+12  8e+00  1e+00
42: -1.3802e+14 -1.5431e+14  2e+13  8e+00  1e+00
43: -2.6395e+14 -3.1258e+14  5e+13  7e+00  9e-01
44: -3.0779e+14 -3.6796e+14  6e+13  7e+00  8e-01
45: -4.7673e+14 -5.7714e+14  1e+14  4e+00  5e-01
46: -5.5354e+14 -6.2160e+14  7e+13  7e-01  1e-01
47: -5.8747e+14 -5.9239e+14  5e+12  1e-01  7e-02
48: -5.4463e+14 -5.4952e+14  5e+12  2e-01  7e-02
49: -5.4449e+14 -5.4657e+14  2e+12  8e-02  7e-02
50: -5.2913e+14 -5.2941e+14  3e+11  9e-02  8e-02
51: -5.5802e+14 -5.5805e+14  3e+10  4e-01  8e-02
52: -5.6792e+14 -5.6796e+14  4e+10  2e-01  7e-02
53: -5.4676e+14 -5.4709e+14  3e+11  3e-02  6e-02
54: -5.4611e+14 -5.4622e+14  1e+11  2e-01  7e-02
55: -5.6055e+14 -5.6067e+14  1e+11  2e-01  6e-02
56: -5.5236e+14 -5.5241e+14  6e+10  6e-02  7e-02
57: -5.5439e+14 -5.5441e+14  2e+10  2e-01  8e-02
58: -5.2811e+14 -5.2816e+14  6e+10  2e-01  8e-02
59: -5.5836e+14 -5.5837e+14  1e+10  3e-01  7e-02
60: -5.5917e+14 -5.5927e+14  1e+11  1e-01  8e-02
61: -5.5128e+14 -5.5136e+14  8e+10  3e-01  7e-02
62: -5.7038e+14 -5.7068e+14  3e+11  1e-01  8e-02
63: -5.3705e+14 -5.3710e+14  4e+10  1e-01  8e-02
64: -5.5640e+14 -5.5642e+14  2e+10  2e-01  6e-02
65: -5.6939e+14 -5.6984e+14  5e+11  1e-01  8e-02
66: -5.6165e+14 -5.6187e+14  2e+11  2e-01  6e-02
67: -5.5753e+14 -5.5770e+14  2e+11  6e-02  7e-02
68: -5.5625e+14 -5.5632e+14  6e+10  1e-01  8e-02
69: -5.4700e+14 -5.4704e+14  5e+10  7e-02  6e-02
70: -5.5136e+14 -5.5144e+14  9e+10  1e-01  5e-02
71: -5.6671e+14 -5.6682e+14  1e+11  7e-02  7e-02
72: -5.4162e+14 -5.4164e+14  2e+10  2e-01  7e-02
73: -5.5177e+14 -5.5178e+14  8e+09  9e-02  7e-02
74: -5.4993e+14 -5.5029e+14  4e+11  9e-02  8e-02
75: -5.3687e+14 -5.3698e+14  1e+11  3e-01  7e-02
76: -5.7149e+14 -5.7153e+14  5e+10  1e-01  8e-02
77: -5.5166e+14 -5.5168e+14  2e+10  3e-01  7e-02
78: -5.5983e+14 -5.5983e+14  7e+08  3e-01  8e-02
79: -5.7098e+14 -5.7105e+14  7e+10  2e-01  8e-02
80: -5.6961e+14 -5.6972e+14  1e+11  2e-01  8e-02
81: -5.3476e+14 -5.3479e+14  2e+10  2e-01  9e-02
82: -5.5390e+14 -5.5391e+14  7e+09  8e-02  8e-02
83: -5.5711e+14 -5.5711e+14  7e+09  2e-01  8e-02
84: -5.6946e+14 -5.6947e+14  5e+09  6e-02  7e-02
85: -5.6763e+14 -5.6766e+14  3e+10  8e-02  7e-02
86: -5.6516e+14 -5.6548e+14  3e+11  3e-01  7e-02
87: -5.5655e+14 -5.5662e+14  7e+10  7e-02  8e-02
88: -5.4282e+14 -5.4282e+14  3e+09  7e-02  8e-02
89: -5.4536e+14 -5.4536e+14  5e+09  1e-01  9e-02
90: -5.5373e+14 -5.5373e+14  1e+09  2e-01  6e-02
91: -5.4395e+14 -5.4402e+14  7e+10  1e-01  6e-02
92: -5.3388e+14 -5.3389e+14  1e+10  2e-01  8e-02
93: -5.5074e+14 -5.5074e+14  5e+08  3e-01  8e-02
94: -5.5188e+14 -5.5189e+14  2e+10  8e-02  8e-02
95: -5.4355e+14 -5.4362e+14  7e+10  2e-01  7e-02
96: -5.6982e+14 -5.6990e+14  7e+10  5e+00  7e-02
97: -5.5332e+14 -5.5349e+14  2e+11  2e+00  6e-02
98: -5.4634e+14 -5.4637e+14  3e+10  7e-02  8e-02
99: -5.7808e+14 -5.7823e+14  2e+11  2e-01  6e-02
100: -5.2942e+14 -5.2944e+14  3e+10  2e-01  7e-02
Terminated (maximum number of iterations reached).
----------Done----------
----------Calculating weights...----------
211 support vectors out of 211 points
----------Done----------

/usr/local/anaconda3/envs/MachineLearning/bin/python3.8 /Users/abc_mac/PycharmProjects/MachineLearning/lab_5/non_linear_svm.py
-------------training_data3, gamma = 10---------------
----------Calculating Kernel Matrix...----------
100%|██████████| 211/211 [00:00<00:00, 506.77it/s]
----------Done----------
----------Constructing coefficient matrices...----------
----------Done----------
----------Solving QP problem by qp_solvers...----------
     pcost       dcost       gap    pres   dres
 0: -5.9591e+01 -1.9051e+02  8e+02  2e+01  3e+00
 1: -2.3918e+02 -4.5564e+02  5e+02  9e+00  2e+00
 2: -6.5380e+02 -9.6525e+02  5e+02  7e+00  1e+00
 3: -1.0630e+03 -1.4629e+03  6e+02  7e+00  1e+00
 4: -3.3564e+03 -3.9675e+03  7e+02  6e+00  1e+00
 5: -6.2482e+03 -7.1750e+03  1e+03  6e+00  1e+00
 6: -2.2251e+04 -2.4466e+04  2e+03  6e+00  1e+00
 7: -2.6275e+04 -2.8779e+04  3e+03  6e+00  1e+00
 8: -6.1276e+04 -6.6097e+04  5e+03  6e+00  1e+00
 9: -1.4033e+05 -1.5014e+05  1e+04  6e+00  1e+00
10: -1.6040e+05 -1.7145e+05  1e+04  6e+00  1e+00
11: -4.0853e+05 -4.3470e+05  3e+04  6e+00  1e+00
12: -4.5441e+05 -4.8327e+05  3e+04  6e+00  1e+00
13: -8.7613e+05 -9.2931e+05  5e+04  6e+00  1e+00
14: -1.9716e+06 -2.0921e+06  1e+05  6e+00  1e+00
15: -2.1484e+06 -2.2810e+06  1e+05  6e+00  1e+00
16: -3.5303e+06 -3.7685e+06  2e+05  6e+00  1e+00
17: -5.8944e+06 -6.3614e+06  5e+05  6e+00  1e+00
18: -1.0200e+07 -1.1248e+07  1e+06  6e+00  1e+00
19: -1.8228e+07 -2.0803e+07  3e+06  5e+00  1e+00
20: -4.1939e+07 -5.2749e+07  1e+07  4e+00  8e-01
21: -6.0131e+07 -7.2340e+07  1e+07  2e+00  3e-01
22: -6.3389e+07 -6.5035e+07  2e+06  2e-01  3e-02
23: -6.3435e+07 -6.3454e+07  2e+04  2e-03  3e-04
24: -6.3436e+07 -6.3436e+07  2e+02  2e-05  3e-06
25: -6.3436e+07 -6.3436e+07  2e+00  2e-07  3e-08
26: -6.3436e+07 -6.3436e+07  2e-02  9e-09  4e-09
Optimal solution found.
----------Done----------
----------Calculating weights...----------
34 support vectors out of 211 points
----------Done----------

/usr/local/anaconda3/envs/MachineLearning/bin/python3.8 /Users/abc_mac/PycharmProjects/MachineLearning/lab_5/non_linear_svm.py
-------------training_data3, gamma = 100---------------
----------Calculating Kernel Matrix...----------
100%|██████████| 211/211 [00:00<00:00, 625.12it/s]
----------Done----------
----------Constructing coefficient matrices...----------
----------Done----------
----------Solving QP problem by qp_solvers...----------
     pcost       dcost       gap    pres   dres
 0: -4.9582e+01 -1.7020e+02  6e+02  2e+01  3e+00
 1: -1.0689e+02 -2.7338e+02  4e+02  9e+00  1e+00
 2: -1.9975e+02 -3.9442e+02  4e+02  7e+00  1e+00
 3: -3.9447e+02 -6.0834e+02  3e+02  5e+00  8e-01
 4: -6.3811e+02 -8.8521e+02  3e+02  2e+00  4e-01
 5: -6.9581e+02 -7.6132e+02  7e+01  5e-01  7e-02
 6: -7.0496e+02 -7.1425e+02  1e+01  4e-02  6e-03
 7: -7.0707e+02 -7.0867e+02  2e+00  6e-03  1e-03
 8: -7.0750e+02 -7.0784e+02  4e-01  1e-03  2e-04
 9: -7.0761e+02 -7.0767e+02  6e-02  1e-04  2e-05
10: -7.0764e+02 -7.0764e+02  4e-03  3e-07  5e-08
11: -7.0764e+02 -7.0764e+02  1e-04  7e-09  1e-09
Optimal solution found.
----------Done----------
----------Calculating weights...----------
93 support vectors out of 211 points
----------Done----------

/usr/local/anaconda3/envs/MachineLearning/bin/python3.8 /Users/abc_mac/PycharmProjects/MachineLearning/lab_5/non_linear_svm.py
-------------training_data3, gamma = 1000---------------
----------Calculating Kernel Matrix...----------
100%|██████████| 211/211 [00:00<00:00, 608.94it/s]
----------Done----------
----------Constructing coefficient matrices...----------
----------Done----------
----------Solving QP problem by qp_solvers...----------
     pcost       dcost       gap    pres   dres
 0: -6.8288e+01 -1.8317e+02  1e+02  8e-15  2e+00
 1: -8.1462e+01 -1.0191e+02  2e+01  7e-15  4e-01
 2: -8.7942e+01 -9.0874e+01  3e+00  1e-14  3e-02
 3: -8.7998e+01 -8.8067e+01  7e-02  3e-14  9e-05
 4: -8.8001e+01 -8.8003e+01  2e-03  7e-15  1e-06
 5: -8.8002e+01 -8.8002e+01  2e-05  2e-15  2e-08
Optimal solution found.
----------Done----------
----------Calculating weights...----------
209 support vectors out of 211 points
----------Done----------
