/usr/local/anaconda3/envs/MachineLearning/bin/python3.8 /Users/abc_mac/PycharmProjects/MachineLearning/lab_5/handwritten_digit_recognition.py
----------Loading training data and test data...----------
----------Done----------
----------Preprocessing images with down sampling...----------
----------Done----------
----------Construct SVM model with C = None...----------
----------Done----------
----------Start training SVM...----------
----------Calculating Kernel Matrix...----------
100%|██████████| 12665/12665 [03:23<00:00, 62.30it/s]
----------Done----------
----------Constructing coefficient matrices...----------
----------Done----------
----------Solving QP problem by qp_solvers...----------
     pcost       dcost       gap    pres   dres
 0: -7.7548e+02 -2.0783e+03  7e+04  2e+02  3e+00
 1: -1.0167e+03 -2.0594e+03  6e+04  2e+02  2e+00
 2: -1.3848e+03 -2.5205e+03  6e+04  2e+02  2e+00
 3: -2.4328e+03 -3.4425e+03  5e+04  1e+02  1e+00
 4: -3.8232e+03 -4.9383e+03  5e+04  1e+02  1e+00
 5: -5.5284e+03 -6.7553e+03  5e+04  1e+02  1e+00
 6: -9.2079e+03 -1.0248e+04  5e+04  9e+01  1e+00
 7: -1.4944e+04 -1.5536e+04  5e+04  9e+01  1e+00
 8: -2.5084e+04 -2.4854e+04  5e+04  8e+01  1e+00
 9: -4.4498e+04 -4.2357e+04  5e+04  8e+01  9e-01
10: -9.5911e+04 -8.5066e+04  6e+04  7e+01  9e-01
11: -1.0106e+05 -8.0792e+04  8e+04  7e+01  8e-01
12: -8.9387e+04 -6.4570e+04  9e+04  6e+01  7e-01
13: -5.1553e+04 -3.2599e+04  1e+05  4e+01  5e-01
14: -3.4306e+04 -1.8308e+04  6e+04  2e+01  3e-01
15: -1.1060e+04 -1.2403e+04  6e+04  2e+01  2e-01
16: -9.1745e+03 -1.1184e+04  4e+04  1e+01  1e-01
17: -7.4820e+03 -9.3634e+03  1e+04  3e+00  3e-02
18: -8.0030e+03 -8.6502e+03  2e+03  4e-01  4e-03
19: -7.7366e+03 -8.6513e+03  2e+03  3e-01  3e-03
20: -8.2203e+03 -8.5619e+03  4e+02  2e-02  2e-04
21: -8.4884e+03 -8.5506e+03  6e+01  1e-05  1e-07
22: -8.5494e+03 -8.5501e+03  7e-01  1e-07  1e-09
23: -8.5501e+03 -8.5501e+03  7e-03  1e-09  2e-11
Optimal solution found.
----------Done----------
----------Calculating weights...----------
32 support vectors out of 12665 points
----------Done----------
----------Training SVM done----------
----------Start retesting training data...----------
12665 out of 12665 training data correct, 0 out of 12665 training data wrong
correct rate = 1.0
wrong rate = 0.0
----------Start testing SVM...----------
2110 out of 2115 predictions correct, 5 out of 2115 predictions wrong
correct rate = 0.9976359338061466
wrong rate = 0.002364066193853428
----------Construct SVM model with C = 0.1...----------
----------Done----------
----------Start training SVM...----------
----------Calculating Kernel Matrix...----------
100%|██████████| 12665/12665 [03:22<00:00, 62.45it/s]
----------Done----------
----------Constructing coefficient matrices...----------
----------Done----------
----------Solving QP problem by qp_solvers...----------
     pcost       dcost       gap    pres   dres
 0: -4.2776e+02 -2.3495e+03  9e+04  3e+01  6e-14
 1: -7.8706e+01 -2.1358e+03  6e+03  1e+00  6e-14
 2: -3.9888e+01 -8.8650e+02  1e+03  2e-01  1e-14
 3: -2.1358e+01 -3.7904e+02  5e+02  8e-02  1e-14
 4: -1.5398e+01 -2.5407e+02  4e+02  5e-02  8e-15
 5: -1.1657e+01 -1.3048e+02  2e+02  2e-02  6e-15
 6: -1.0324e+01 -8.6472e+01  1e+02  1e-02  6e-15
 7: -1.0168e+01 -5.3655e+01  5e+01  5e-03  5e-15
 8: -1.0794e+01 -4.2403e+01  4e+01  3e-03  4e-15
 9: -1.0824e+01 -3.9672e+01  3e+01  2e-03  4e-15
10: -1.0742e+01 -3.4595e+01  3e+01  1e-03  4e-15
11: -1.0995e+01 -3.1038e+01  2e+01  8e-04  3e-15
12: -1.1289e+01 -2.8689e+01  2e+01  5e-04  3e-15
13: -1.2118e+01 -2.5583e+01  1e+01  3e-04  3e-15
14: -1.2413e+01 -2.4604e+01  1e+01  2e-04  3e-15
15: -1.2752e+01 -2.3606e+01  1e+01  1e-04  3e-15
16: -1.3176e+01 -2.2392e+01  9e+00  9e-05  3e-15
17: -1.3487e+01 -2.1387e+01  8e+00  5e-05  3e-15
18: -1.3813e+01 -2.0347e+01  7e+00  2e-05  4e-15
19: -1.4035e+01 -1.9909e+01  6e+00  1e-05  3e-15
20: -1.4152e+01 -1.9639e+01  5e+00  8e-06  3e-15
21: -1.4535e+01 -1.8929e+01  4e+00  3e-06  4e-15
22: -1.4770e+01 -1.8464e+01  4e+00  1e-06  4e-15
23: -1.5017e+01 -1.7992e+01  3e+00  2e-07  4e-15
24: -1.5149e+01 -1.7823e+01  3e+00  2e-07  4e-15
25: -1.5272e+01 -1.7618e+01  2e+00  9e-08  4e-15
26: -1.5517e+01 -1.7299e+01  2e+00  6e-08  4e-15
27: -1.5576e+01 -1.7196e+01  2e+00  3e-08  4e-15
28: -1.5747e+01 -1.6977e+01  1e+00  2e-08  4e-15
29: -1.5767e+01 -1.6951e+01  1e+00  1e-08  4e-15
30: -1.6030e+01 -1.6642e+01  6e-01  5e-09  5e-15
31: -1.6087e+01 -1.6565e+01  5e-01  2e-09  4e-15
32: -1.6196e+01 -1.6437e+01  2e-01  3e-15  5e-15
33: -1.6277e+01 -1.6352e+01  8e-02  3e-15  6e-15
34: -1.6312e+01 -1.6316e+01  3e-03  6e-15  7e-15
35: -1.6314e+01 -1.6314e+01  7e-05  5e-15  7e-15
36: -1.6314e+01 -1.6314e+01  1e-06  1e-15  7e-15
Optimal solution found.
----------Done----------
----------Calculating weights...----------
239 support vectors out of 12665 points
----------Done----------
----------Training SVM done----------
----------Start retesting training data...----------
12638 out of 12665 training data correct, 27 out of 12665 training data wrong
correct rate = 0.9978681405448085
wrong rate = 0.0021318594551914725
----------Start testing SVM...----------
2111 out of 2115 predictions correct, 4 out of 2115 predictions wrong
correct rate = 0.9981087470449173
wrong rate = 0.0018912529550827422
----------Construct SVM model with C = 0.2...----------
----------Done----------
----------Start training SVM...----------
----------Calculating Kernel Matrix...----------
100%|██████████| 12665/12665 [03:24<00:00, 62.08it/s]
----------Done----------
----------Constructing coefficient matrices...----------
----------Done----------
----------Solving QP problem by qp_solvers...----------
     pcost       dcost       gap    pres   dres
 0: -4.6641e+02 -4.6632e+03  9e+04  1e+01  7e-14
 1: -1.4159e+02 -3.8971e+03  1e+04  1e+00  7e-14
 2: -7.0545e+01 -1.4708e+03  2e+03  2e-01  2e-14
 3: -3.8856e+01 -6.2444e+02  9e+02  7e-02  1e-14
 4: -2.8540e+01 -4.2540e+02  6e+02  4e-02  9e-15
 5: -2.1605e+01 -2.6156e+02  4e+02  2e-02  7e-15
 6: -1.8052e+01 -1.9582e+02  3e+02  2e-02  6e-15
 7: -1.5770e+01 -1.1555e+02  1e+02  7e-03  6e-15
 8: -1.4948e+01 -8.2926e+01  9e+01  4e-03  6e-15
 9: -1.4937e+01 -6.7977e+01  6e+01  2e-03  6e-15
10: -1.5578e+01 -5.4367e+01  4e+01  1e-03  5e-15
11: -1.5805e+01 -4.9069e+01  4e+01  6e-04  5e-15
12: -1.6607e+01 -4.4517e+01  3e+01  3e-04  5e-15
13: -1.7687e+01 -4.0812e+01  2e+01  2e-04  5e-15
14: -1.8028e+01 -3.9710e+01  2e+01  2e-04  5e-15
15: -1.8468e+01 -3.8185e+01  2e+01  2e-04  5e-15
16: -1.9302e+01 -3.5501e+01  2e+01  1e-04  5e-15
17: -1.9706e+01 -3.4336e+01  1e+01  8e-05  5e-15
18: -2.0374e+01 -3.2285e+01  1e+01  4e-05  5e-15
19: -2.0339e+01 -3.2044e+01  1e+01  3e-05  5e-15
20: -2.1230e+01 -3.0258e+01  9e+00  2e-05  5e-15
21: -2.1286e+01 -3.0199e+01  9e+00  2e-05  5e-15
22: -2.1799e+01 -2.9265e+01  8e+00  1e-05  5e-15
23: -2.1911e+01 -2.8842e+01  7e+00  7e-06  5e-15
24: -2.2346e+01 -2.8116e+01  6e+00  6e-06  5e-15
25: -2.2508e+01 -2.7775e+01  5e+00  4e-06  5e-15
26: -2.2804e+01 -2.7171e+01  4e+00  1e-06  6e-15
27: -2.3587e+01 -2.6102e+01  3e+00  5e-07  6e-15
28: -2.3717e+01 -2.5909e+01  2e+00  4e-07  6e-15
29: -2.4098e+01 -2.5434e+01  1e+00  2e-07  6e-15
30: -2.4242e+01 -2.5183e+01  9e-01  7e-09  7e-15
31: -2.4389e+01 -2.5022e+01  6e-01  4e-09  7e-15
32: -2.4487e+01 -2.4914e+01  4e-01  3e-10  7e-15
33: -2.4599e+01 -2.4794e+01  2e-01  1e-10  7e-15
34: -2.4656e+01 -2.4734e+01  8e-02  9e-16  8e-15
35: -2.4693e+01 -2.4697e+01  4e-03  8e-15  1e-14
36: -2.4695e+01 -2.4695e+01  5e-05  9e-15  1e-14
37: -2.4695e+01 -2.4695e+01  5e-07  5e-15  1e-14
Optimal solution found.
----------Done----------
----------Calculating weights...----------
180 support vectors out of 12665 points
----------Done----------
----------Training SVM done----------
----------Start retesting training data...----------
12645 out of 12665 training data correct, 20 out of 12665 training data wrong
correct rate = 0.9984208448480063
wrong rate = 0.0015791551519936833
----------Start testing SVM...----------
2111 out of 2115 predictions correct, 4 out of 2115 predictions wrong
correct rate = 0.9981087470449173
wrong rate = 0.0018912529550827422
----------Construct SVM model with C = 0.3...----------
----------Done----------
----------Start training SVM...----------
----------Calculating Kernel Matrix...----------
100%|██████████| 12665/12665 [03:27<00:00, 61.14it/s]
----------Done----------
----------Constructing coefficient matrices...----------
----------Done----------
----------Solving QP problem by qp_solvers...----------
     pcost       dcost       gap    pres   dres
 0: -5.0501e+02 -6.9432e+03  9e+04  8e+00  8e-14
 1: -1.9607e+02 -5.3811e+03  1e+04  9e-01  7e-14
 2: -9.5687e+01 -1.8835e+03  3e+03  2e-01  3e-14
 3: -5.7145e+01 -9.0486e+02  1e+03  7e-02  2e-14
 4: -4.1178e+01 -5.7889e+02  9e+02  4e-02  1e-14
 5: -3.1753e+01 -3.8569e+02  5e+02  3e-02  9e-15
 6: -2.6887e+01 -3.1235e+02  4e+02  2e-02  8e-15
 7: -2.3054e+01 -2.4585e+02  3e+02  1e-02  7e-15
 8: -2.1329e+01 -1.3702e+02  2e+02  6e-03  7e-15
 9: -1.9577e+01 -1.1285e+02  1e+02  4e-03  7e-15
10: -1.9349e+01 -8.5207e+01  8e+01  2e-03  7e-15
11: -2.1145e+01 -6.8344e+01  5e+01  1e-03  7e-15
12: -2.1557e+01 -6.5820e+01  5e+01  8e-04  6e-15
13: -2.0460e+01 -6.2651e+01  5e+01  5e-04  6e-15
14: -2.2605e+01 -5.3658e+01  3e+01  3e-04  6e-15
15: -2.2741e+01 -5.3758e+01  3e+01  3e-04  6e-15
16: -2.2867e+01 -5.2115e+01  3e+01  2e-04  6e-15
17: -2.3913e+01 -4.9068e+01  3e+01  2e-04  6e-15
18: -2.4396e+01 -4.7201e+01  2e+01  1e-04  6e-15
19: -2.4796e+01 -4.5173e+01  2e+01  8e-05  6e-15
20: -2.4969e+01 -4.4229e+01  2e+01  5e-05  6e-15
21: -2.6256e+01 -4.1712e+01  2e+01  4e-05  6e-15
22: -2.6574e+01 -4.0440e+01  1e+01  2e-05  6e-15
23: -2.8055e+01 -3.7760e+01  1e+01  1e-05  7e-15
24: -2.8460e+01 -3.7073e+01  9e+00  9e-06  7e-15
25: -2.8460e+01 -3.6890e+01  8e+00  7e-06  7e-15
26: -2.9643e+01 -3.5023e+01  5e+00  4e-06  8e-15
27: -2.9773e+01 -3.4687e+01  5e+00  2e-06  7e-15
28: -3.0314e+01 -3.3896e+01  4e+00  2e-06  7e-15
29: -3.0442e+01 -3.3560e+01  3e+00  6e-07  7e-15
30: -3.1240e+01 -3.2569e+01  1e+00  2e-07  9e-15
31: -3.1563e+01 -3.2157e+01  6e-01  3e-08  9e-15
32: -3.1802e+01 -3.1896e+01  9e-02  4e-09  1e-14
33: -3.1836e+01 -3.1859e+01  2e-02  1e-14  1e-14
34: -3.1847e+01 -3.1847e+01  3e-04  7e-16  1e-14
35: -3.1847e+01 -3.1847e+01  4e-06  2e-16  1e-14
Optimal solution found.
----------Done----------
----------Calculating weights...----------
153 support vectors out of 12665 points
----------Done----------
----------Training SVM done----------
----------Start retesting training data...----------
12645 out of 12665 training data correct, 20 out of 12665 training data wrong
correct rate = 0.9984208448480063
wrong rate = 0.0015791551519936833
----------Start testing SVM...----------
2111 out of 2115 predictions correct, 4 out of 2115 predictions wrong
correct rate = 0.9981087470449173
wrong rate = 0.0018912529550827422
----------Construct SVM model with C = 0.4...----------
----------Done----------
----------Start training SVM...----------
----------Calculating Kernel Matrix...----------
100%|██████████| 12665/12665 [03:27<00:00, 61.02it/s]
----------Done----------
----------Constructing coefficient matrices...----------
----------Done----------
----------Solving QP problem by qp_solvers...----------
     pcost       dcost       gap    pres   dres
 0: -5.4357e+02 -9.1894e+03  1e+05  6e+00  8e-14
 1: -2.4339e+02 -6.6453e+03  2e+04  7e-01  7e-14
 2: -1.1458e+02 -2.1336e+03  3e+03  1e-01  3e-14
 3: -7.0100e+01 -1.0920e+03  2e+03  7e-02  2e-14
 4: -5.1973e+01 -7.3853e+02  1e+03  4e-02  1e-14
 5: -3.9972e+01 -4.8431e+02  7e+02  2e-02  1e-14
 6: -3.3948e+01 -3.9701e+02  6e+02  2e-02  1e-14
 7: -2.8367e+01 -2.8754e+02  4e+02  1e-02  9e-15
 8: -2.6216e+01 -1.8842e+02  2e+02  6e-03  8e-15
 9: -2.4759e+01 -1.3950e+02  2e+02  3e-03  9e-15
10: -2.3745e+01 -1.1569e+02  1e+02  2e-03  8e-15
11: -2.2912e+01 -9.1899e+01  8e+01  9e-04  9e-15
12: -2.5574e+01 -7.6407e+01  6e+01  6e-04  9e-15
13: -2.6578e+01 -6.7546e+01  4e+01  3e-04  8e-15
14: -2.6660e+01 -6.6548e+01  4e+01  2e-04  8e-15
15: -2.7035e+01 -6.4104e+01  4e+01  2e-04  7e-15
16: -2.9005e+01 -5.8160e+01  3e+01  1e-04  8e-15
17: -2.9970e+01 -5.4977e+01  3e+01  7e-05  8e-15
18: -2.9965e+01 -5.4308e+01  2e+01  6e-05  7e-15
19: -3.1599e+01 -5.0815e+01  2e+01  4e-05  8e-15
20: -3.1809e+01 -4.9521e+01  2e+01  3e-05  7e-15
21: -3.2231e+01 -4.8490e+01  2e+01  2e-05  7e-15
22: -3.4169e+01 -4.4679e+01  1e+01  8e-06  8e-15
23: -3.5073e+01 -4.3147e+01  8e+00  5e-06  9e-15
24: -3.5421e+01 -4.2442e+01  7e+00  3e-06  8e-15
25: -3.5556e+01 -4.2171e+01  7e+00  2e-06  8e-15
26: -3.6465e+01 -4.0847e+01  4e+00  1e-06  9e-15
27: -3.6463e+01 -4.0750e+01  4e+00  1e-06  8e-15
28: -3.6966e+01 -3.9865e+01  3e+00  4e-08  1e-14
29: -3.7437e+01 -3.9305e+01  2e+00  2e-08  1e-14
30: -3.7542e+01 -3.9129e+01  2e+00  6e-09  1e-14
31: -3.7629e+01 -3.9032e+01  1e+00  4e-09  9e-15
32: -3.7655e+01 -3.8987e+01  1e+00  2e-09  8e-15
33: -3.8061e+01 -3.8560e+01  5e-01  3e-10  1e-14
34: -3.8218e+01 -3.8395e+01  2e-01  9e-11  1e-14
35: -3.8295e+01 -3.8314e+01  2e-02  2e-12  1e-14
36: -3.8304e+01 -3.8305e+01  2e-04  2e-14  1e-14
37: -3.8305e+01 -3.8305e+01  2e-06  2e-15  1e-14
Optimal solution found.
----------Done----------
----------Calculating weights...----------
140 support vectors out of 12665 points
----------Done----------
----------Training SVM done----------
----------Start retesting training data...----------
12645 out of 12665 training data correct, 20 out of 12665 training data wrong
correct rate = 0.9984208448480063
wrong rate = 0.0015791551519936833
----------Start testing SVM...----------
2111 out of 2115 predictions correct, 4 out of 2115 predictions wrong
correct rate = 0.9981087470449173
wrong rate = 0.0018912529550827422
----------Construct SVM model with C = 0.5...----------
----------Done----------
----------Start training SVM...----------
----------Calculating Kernel Matrix...----------
100%|██████████| 12665/12665 [03:27<00:00, 60.98it/s]
----------Done----------
----------Constructing coefficient matrices...----------
----------Done----------
----------Solving QP problem by qp_solvers...----------
     pcost       dcost       gap    pres   dres
 0: -5.8210e+02 -1.1559e+04  1e+05  5e+00  9e-14
 1: -2.8435e+02 -7.8627e+03  2e+04  6e-01  8e-14
 2: -1.3107e+02 -2.4159e+03  4e+03  1e-01  4e-14
 3: -7.5106e+01 -1.1145e+03  2e+03  5e-02  2e-14
 4: -5.9461e+01 -8.6061e+02  1e+03  4e-02  2e-14
 5: -4.5403e+01 -5.3128e+02  8e+02  2e-02  1e-14
 6: -3.7999e+01 -4.4991e+02  6e+02  2e-02  1e-14
 7: -3.0083e+01 -3.4327e+02  5e+02  1e-02  1e-14
 8: -2.5941e+01 -2.3384e+02  3e+02  5e-03  1e-14
 9: -2.3652e+01 -1.9321e+02  2e+02  3e-03  1e-14
10: -2.5638e+01 -1.4878e+02  2e+02  2e-03  1e-14
11: -2.4879e+01 -1.4164e+02  1e+02  2e-03  9e-15
12: -1.9357e+01 -1.3231e+02  1e+02  9e-04  1e-14
13: -2.2630e+01 -1.1482e+02  1e+02  6e-04  1e-14
14: -2.3793e+01 -1.0693e+02  9e+01  5e-04  1e-14
15: -2.5339e+01 -9.7922e+01  8e+01  3e-04  9e-15
16: -2.6595e+01 -8.8227e+01  6e+01  2e-04  9e-15
17: -2.9747e+01 -7.5915e+01  5e+01  8e-05  1e-14
18: -3.1884e+01 -6.9412e+01  4e+01  6e-05  9e-15
19: -3.3378e+01 -6.6317e+01  3e+01  4e-05  9e-15
20: -3.3779e+01 -6.5426e+01  3e+01  4e-05  9e-15
21: -3.4162e+01 -6.4245e+01  3e+01  3e-05  9e-15
22: -3.5600e+01 -5.9828e+01  2e+01  1e-05  9e-15
23: -3.6739e+01 -5.7190e+01  2e+01  8e-06  9e-15
24: -3.7118e+01 -5.6619e+01  2e+01  6e-06  9e-15
25: -3.7856e+01 -5.5329e+01  2e+01  5e-06  9e-15
26: -3.8839e+01 -5.2800e+01  1e+01  1e-06  1e-14
27: -3.9995e+01 -5.0719e+01  1e+01  9e-07  1e-14
28: -4.1227e+01 -4.8743e+01  8e+00  4e-07  1e-14
29: -4.1696e+01 -4.8021e+01  6e+00  3e-07  9e-15
30: -4.2047e+01 -4.7198e+01  5e+00  7e-08  1e-14
31: -4.3124e+01 -4.5872e+01  3e+00  3e-08  1e-14
32: -4.3409e+01 -4.5455e+01  2e+00  1e-08  1e-14
33: -4.3743e+01 -4.5061e+01  1e+00  6e-09  1e-14
34: -4.3932e+01 -4.4813e+01  9e-01  5e-15  1e-14
35: -4.4166e+01 -4.4568e+01  4e-01  3e-15  1e-14
36: -4.4282e+01 -4.4448e+01  2e-01  8e-15  1e-14
37: -4.4360e+01 -4.4369e+01  1e-02  9e-15  2e-14
38: -4.4364e+01 -4.4364e+01  1e-04  9e-16  2e-14
39: -4.4364e+01 -4.4364e+01  1e-06  7e-15  2e-14
Optimal solution found.
----------Done----------
----------Calculating weights...----------
127 support vectors out of 12665 points
----------Done----------
----------Training SVM done----------
----------Start retesting training data...----------
12646 out of 12665 training data correct, 19 out of 12665 training data wrong
correct rate = 0.998499802605606
wrong rate = 0.0015001973943939992
----------Start testing SVM...----------
2111 out of 2115 predictions correct, 4 out of 2115 predictions wrong
correct rate = 0.9981087470449173
wrong rate = 0.0018912529550827422
----------Construct SVM model with C = 0.6...----------
----------Done----------
----------Start training SVM...----------
----------Calculating Kernel Matrix...----------
100%|██████████| 12665/12665 [03:26<00:00, 61.27it/s]
----------Done----------
----------Constructing coefficient matrices...----------
----------Done----------
----------Solving QP problem by qp_solvers...----------
     pcost       dcost       gap    pres   dres
 0: -6.2058e+02 -1.4288e+04  1e+05  4e+00  9e-14
 1: -3.2054e+02 -9.2500e+03  2e+04  5e-01  9e-14
 2: -1.4664e+02 -2.8269e+03  5e+03  1e-01  4e-14
 3: -8.3211e+01 -1.2681e+03  2e+03  5e-02  2e-14
 4: -6.3395e+01 -9.4005e+02  1e+03  3e-02  2e-14
 5: -4.9716e+01 -6.0747e+02  9e+02  2e-02  1e-14
 6: -4.3923e+01 -5.6300e+02  8e+02  2e-02  1e-14
 7: -3.4875e+01 -3.9306e+02  5e+02  9e-03  1e-14
 8: -2.9471e+01 -3.0354e+02  4e+02  6e-03  1e-14
 9: -2.6270e+01 -2.4750e+02  3e+02  4e-03  1e-14
10: -2.7924e+01 -1.5539e+02  2e+02  1e-03  1e-14
11: -2.8381e+01 -1.4392e+02  1e+02  1e-03  1e-14
12: -2.4724e+01 -1.2945e+02  1e+02  5e-04  1e-14
13: -2.8324e+01 -1.1522e+02  1e+02  4e-04  1e-14
14: -2.9564e+01 -1.0860e+02  9e+01  3e-04  1e-14
15: -3.4421e+01 -8.0959e+01  5e+01  4e-05  1e-14
16: -3.4462e+01 -8.0275e+01  5e+01  4e-05  1e-14
17: -3.5759e+01 -7.7334e+01  4e+01  2e-05  1e-14
18: -3.8781e+01 -7.0104e+01  3e+01  1e-05  1e-14
19: -3.9337e+01 -6.9012e+01  3e+01  1e-05  1e-14
20: -4.0024e+01 -6.7683e+01  3e+01  8e-06  9e-15
21: -4.0573e+01 -6.5475e+01  2e+01  3e-06  1e-14
22: -4.1663e+01 -6.3390e+01  2e+01  2e-06  1e-14
23: -4.2224e+01 -6.2066e+01  2e+01  1e-06  1e-14
24: -4.4360e+01 -5.8683e+01  1e+01  7e-07  1e-14
25: -4.4356e+01 -5.8504e+01  1e+01  7e-07  1e-14
26: -4.5562e+01 -5.6667e+01  1e+01  5e-07  1e-14
27: -4.5563e+01 -5.6583e+01  1e+01  4e-07  1e-14
28: -4.6608e+01 -5.4799e+01  8e+00  2e-07  1e-14
29: -4.8154e+01 -5.2402e+01  4e+00  7e-08  1e-14
30: -4.8251e+01 -5.2187e+01  4e+00  5e-08  1e-14
31: -4.8831e+01 -5.1421e+01  3e+00  2e-08  1e-14
32: -4.9138e+01 -5.1033e+01  2e+00  1e-08  1e-14
33: -4.9539e+01 -5.0534e+01  1e+00  5e-09  1e-14
34: -4.9961e+01 -5.0055e+01  9e-02  2e-10  2e-14
35: -5.0005e+01 -5.0007e+01  2e-03  4e-12  2e-14
36: -5.0006e+01 -5.0006e+01  2e-05  4e-14  2e-14
Optimal solution found.
----------Done----------
----------Calculating weights...----------
119 support vectors out of 12665 points
----------Done----------
----------Training SVM done----------
----------Start retesting training data...----------
12647 out of 12665 training data correct, 18 out of 12665 training data wrong
correct rate = 0.9985787603632057
wrong rate = 0.0014212396367943151
----------Start testing SVM...----------
2111 out of 2115 predictions correct, 4 out of 2115 predictions wrong
correct rate = 0.9981087470449173
wrong rate = 0.0018912529550827422
----------Construct SVM model with C = 0.7...----------
----------Done----------
----------Start training SVM...----------
----------Calculating Kernel Matrix...----------
100%|██████████| 12665/12665 [03:25<00:00, 61.48it/s]
----------Done----------
----------Constructing coefficient matrices...----------
----------Done----------
----------Solving QP problem by qp_solvers...----------
     pcost       dcost       gap    pres   dres
 0: -6.5902e+02 -1.7157e+04  1e+05  4e+00  1e-13
 1: -3.5352e+02 -1.0616e+04  2e+04  5e-01  9e-14
 2: -1.5877e+02 -3.1862e+03  5e+03  1e-01  5e-14
 3: -9.2619e+01 -1.5442e+03  2e+03  5e-02  3e-14
 4: -6.9408e+01 -1.0802e+03  2e+03  3e-02  2e-14
 5: -5.4750e+01 -7.3528e+02  1e+03  2e-02  1e-14
 6: -4.4581e+01 -6.4437e+02  9e+02  1e-02  1e-14
 7: -3.7796e+01 -4.3907e+02  6e+02  8e-03  1e-14
 8: -3.1451e+01 -3.7414e+02  5e+02  6e-03  1e-14
 9: -3.0378e+01 -2.4158e+02  3e+02  3e-03  1e-14
10: -2.9898e+01 -1.8146e+02  2e+02  1e-03  1e-14
11: -3.3191e+01 -1.4709e+02  1e+02  9e-04  1e-14
12: -3.0339e+01 -1.4121e+02  1e+02  6e-04  1e-14
13: -3.0435e+01 -1.3752e+02  1e+02  5e-04  1e-14
14: -2.8926e+01 -1.3227e+02  1e+02  4e-04  1e-14
15: -3.1750e+01 -1.1876e+02  9e+01  2e-04  1e-14
16: -3.6667e+01 -9.9764e+01  7e+01  1e-04  1e-14
17: -3.7470e+01 -9.6631e+01  6e+01  8e-05  1e-14
18: -3.9782e+01 -8.9015e+01  5e+01  6e-05  1e-14
19: -4.0977e+01 -8.4537e+01  4e+01  4e-05  1e-14
20: -4.3782e+01 -7.6595e+01  3e+01  2e-05  1e-14
21: -4.4506e+01 -7.5226e+01  3e+01  2e-05  1e-14
22: -4.7488e+01 -6.9435e+01  2e+01  9e-06  1e-14
23: -4.7397e+01 -6.9245e+01  2e+01  9e-06  1e-14
24: -4.9764e+01 -6.4196e+01  1e+01  3e-06  1e-14
25: -5.0936e+01 -6.2233e+01  1e+01  2e-06  1e-14
26: -5.1956e+01 -6.0421e+01  8e+00  8e-07  1e-14
27: -5.1944e+01 -6.0200e+01  8e+00  6e-07  1e-14
28: -5.2883e+01 -5.8905e+01  6e+00  4e-07  1e-14
29: -5.2907e+01 -5.8815e+01  6e+00  4e-07  1e-14
30: -5.3490e+01 -5.7851e+01  4e+00  1e-07  1e-14
31: -5.4328e+01 -5.6778e+01  2e+00  7e-08  1e-14
32: -5.4425e+01 -5.6631e+01  2e+00  5e-08  1e-14
33: -5.4536e+01 -5.6417e+01  2e+00  1e-08  1e-14
34: -5.5035e+01 -5.5861e+01  8e-01  2e-09  1e-14
35: -5.5239e+01 -5.5642e+01  4e-01  4e-10  1e-14
36: -5.5370e+01 -5.5504e+01  1e-01  1e-14  2e-14
37: -5.5429e+01 -5.5445e+01  2e-02  5e-15  2e-14
38: -5.5437e+01 -5.5437e+01  2e-04  1e-15  2e-14
39: -5.5437e+01 -5.5437e+01  2e-06  1e-14  2e-14
Optimal solution found.
----------Done----------
----------Calculating weights...----------
115 support vectors out of 12665 points
----------Done----------
----------Training SVM done----------
----------Start retesting training data...----------
12646 out of 12665 training data correct, 19 out of 12665 training data wrong
correct rate = 0.998499802605606
wrong rate = 0.0015001973943939992
  0%|          | 0/12665 [00:00<?, ?it/s]----------Start testing SVM...----------
2111 out of 2115 predictions correct, 4 out of 2115 predictions wrong
correct rate = 0.9981087470449173
wrong rate = 0.0018912529550827422
----------Construct SVM model with C = 0.8...----------
----------Done----------
----------Start training SVM...----------
----------Calculating Kernel Matrix...----------
100%|██████████| 12665/12665 [03:26<00:00, 61.40it/s]
----------Done----------
----------Constructing coefficient matrices...----------
----------Done----------
----------Solving QP problem by qp_solvers...----------
     pcost       dcost       gap    pres   dres
 0: -6.9743e+02 -2.0165e+04  1e+05  3e+00  1e-13
 1: -3.8388e+02 -1.1965e+04  2e+04  4e-01  1e-13
 2: -1.6753e+02 -3.4836e+03  6e+03  1e-01  5e-14
 3: -9.9195e+01 -1.7695e+03  3e+03  4e-02  3e-14
 4: -7.5423e+01 -1.2361e+03  2e+03  3e-02  2e-14
 5: -5.9970e+01 -8.8334e+02  1e+03  2e-02  2e-14
 6: -4.4181e+01 -6.8134e+02  1e+03  1e-02  1e-14
 7: -3.5881e+01 -5.1209e+02  7e+02  7e-03  1e-14
 8: -2.9789e+01 -4.6444e+02  6e+02  6e-03  1e-14
 9: -2.8182e+01 -3.0286e+02  4e+02  3e-03  1e-14
10: -3.2209e+01 -2.1491e+02  2e+02  2e-03  1e-14
11: -2.5409e+01 -2.0651e+02  2e+02  1e-03  1e-14
12: -2.5147e+01 -1.9168e+02  2e+02  7e-04  1e-14
13: -2.8523e+01 -1.6966e+02  2e+02  5e-04  1e-14
14: -3.5480e+01 -1.3799e+02  1e+02  3e-04  1e-14
15: -3.5188e+01 -1.3436e+02  1e+02  2e-04  1e-14
16: -3.7208e+01 -1.2608e+02  9e+01  2e-04  1e-14
17: -3.8143e+01 -1.2098e+02  9e+01  2e-04  1e-14
18: -3.8209e+01 -1.1601e+02  8e+01  1e-04  1e-14
19: -4.3704e+01 -9.7603e+01  6e+01  6e-05  1e-14
20: -4.6577e+01 -8.9875e+01  4e+01  4e-05  1e-14
21: -4.8003e+01 -8.4559e+01  4e+01  2e-05  1e-14
22: -4.9537e+01 -7.9911e+01  3e+01  7e-06  1e-14
23: -5.2457e+01 -7.3746e+01  2e+01  3e-06  1e-14
24: -5.3418e+01 -7.2017e+01  2e+01  2e-06  1e-14
25: -5.4546e+01 -7.0159e+01  2e+01  2e-06  1e-14
26: -5.5170e+01 -6.9058e+01  1e+01  1e-06  1e-14
27: -5.5183e+01 -6.8446e+01  1e+01  9e-07  1e-14
28: -5.6772e+01 -6.6187e+01  9e+00  6e-07  1e-14
29: -5.8006e+01 -6.4396e+01  6e+00  3e-07  1e-14
30: -5.8320e+01 -6.3661e+01  5e+00  1e-07  1e-14
31: -5.9646e+01 -6.1992e+01  2e+00  4e-08  1e-14
32: -6.0048e+01 -6.1448e+01  1e+00  1e-08  1e-14
33: -6.0317e+01 -6.1112e+01  8e-01  3e-09  1e-14
34: -6.0635e+01 -6.0769e+01  1e-01  7e-13  2e-14
35: -6.0690e+01 -6.0714e+01  2e-02  1e-13  2e-14
36: -6.0701e+01 -6.0703e+01  1e-03  1e-14  2e-14
37: -6.0702e+01 -6.0702e+01  1e-05  2e-14  2e-14
Optimal solution found.
----------Done----------
----------Calculating weights...----------
108 support vectors out of 12665 points
----------Done----------
----------Training SVM done----------
----------Start retesting training data...----------
12648 out of 12665 training data correct, 17 out of 12665 training data wrong
correct rate = 0.9986577181208054
wrong rate = 0.0013422818791946308
----------Start testing SVM...----------
2111 out of 2115 predictions correct, 4 out of 2115 predictions wrong
correct rate = 0.9981087470449173
wrong rate = 0.0018912529550827422
----------Construct SVM model with C = 0.9...----------
----------Done----------
----------Start training SVM...----------
----------Calculating Kernel Matrix...----------
100%|██████████| 12665/12665 [03:26<00:00, 61.22it/s]
----------Done----------
----------Constructing coefficient matrices...----------
----------Done----------
----------Solving QP problem by qp_solvers...----------
     pcost       dcost       gap    pres   dres
 0: -7.3579e+02 -2.3312e+04  1e+05  3e+00  1e-13
 1: -4.1208e+02 -1.3304e+04  3e+04  4e-01  1e-13
 2: -1.7405e+02 -3.7370e+03  6e+03  9e-02  6e-14
 3: -1.0539e+02 -1.9834e+03  3e+03  4e-02  3e-14
 4: -7.8521e+01 -1.3591e+03  2e+03  3e-02  2e-14
 5: -6.3260e+01 -1.0236e+03  2e+03  2e-02  2e-14
 6: -4.7173e+01 -7.8516e+02  1e+03  1e-02  2e-14
 7: -3.9040e+01 -6.1040e+02  9e+02  8e-03  2e-14
 8: -3.2969e+01 -5.2281e+02  7e+02  6e-03  1e-14
 9: -3.2943e+01 -3.0355e+02  4e+02  2e-03  2e-14
10: -3.3891e+01 -2.4966e+02  3e+02  2e-03  2e-14
11: -3.3278e+01 -2.0267e+02  2e+02  8e-04  2e-14
12: -3.0996e+01 -1.8798e+02  2e+02  5e-04  1e-14
13: -2.9933e+01 -1.7500e+02  2e+02  3e-04  1e-14
14: -3.8281e+01 -1.4505e+02  1e+02  2e-04  2e-14
15: -3.7674e+01 -1.4156e+02  1e+02  2e-04  1e-14
16: -4.1545e+01 -1.2838e+02  9e+01  1e-04  1e-14
17: -4.1152e+01 -1.2469e+02  9e+01  8e-05  1e-14
18: -4.5308e+01 -1.1320e+02  7e+01  6e-05  1e-14
19: -4.4858e+01 -1.1234e+02  7e+01  5e-05  1e-14
20: -4.6961e+01 -1.0570e+02  6e+01  4e-05  1e-14
21: -4.7678e+01 -1.0450e+02  6e+01  4e-05  1e-14
22: -4.8326e+01 -9.9485e+01  5e+01  1e-05  2e-14
23: -5.2273e+01 -8.9916e+01  4e+01  8e-06  2e-14
24: -5.5684e+01 -8.1842e+01  3e+01  9e-07  2e-14
25: -5.6997e+01 -7.9604e+01  2e+01  7e-07  2e-14
26: -5.8284e+01 -7.7206e+01  2e+01  3e-07  2e-14
27: -6.0336e+01 -7.3773e+01  1e+01  2e-07  2e-14
28: -6.0957e+01 -7.2759e+01  1e+01  1e-07  2e-14
29: -6.1767e+01 -7.1404e+01  1e+01  9e-08  1e-14
30: -6.3067e+01 -6.9553e+01  6e+00  5e-08  1e-14
31: -6.3061e+01 -6.9280e+01  6e+00  3e-08  1e-14
32: -6.3944e+01 -6.8153e+01  4e+00  2e-08  2e-14
33: -6.4115e+01 -6.7791e+01  4e+00  9e-09  2e-14
34: -6.5107e+01 -6.6642e+01  2e+00  3e-09  2e-14
35: -6.5721e+01 -6.5928e+01  2e-01  4e-10  2e-14
36: -6.5801e+01 -6.5836e+01  4e-02  3e-12  2e-14
37: -6.5818e+01 -6.5818e+01  5e-04  4e-14  2e-14
38: -6.5818e+01 -6.5818e+01  5e-06  1e-15  2e-14
Optimal solution found.
----------Done----------
----------Calculating weights...----------
105 support vectors out of 12665 points
----------Done----------
----------Training SVM done----------
----------Start retesting training data...----------
12649 out of 12665 training data correct, 16 out of 12665 training data wrong
correct rate = 0.9987366758784051
wrong rate = 0.0012633241215949467
----------Start testing SVM...----------
2111 out of 2115 predictions correct, 4 out of 2115 predictions wrong
correct rate = 0.9981087470449173
wrong rate = 0.0018912529550827422
----------Construct SVM model with C = 1.0...----------
----------Done----------
----------Start training SVM...----------
----------Calculating Kernel Matrix...----------
100%|██████████| 12665/12665 [03:26<00:00, 61.36it/s]
----------Done----------
----------Constructing coefficient matrices...----------
----------Done----------
----------Solving QP problem by qp_solvers...----------
     pcost       dcost       gap    pres   dres
 0: -7.7411e+02 -2.6598e+04  2e+05  3e+00  1e-13
 1: -4.3894e+02 -1.4653e+04  3e+04  4e-01  1e-13
 2: -1.8577e+02 -4.2155e+03  7e+03  8e-02  6e-14
 3: -1.0986e+02 -2.1452e+03  3e+03  4e-02  3e-14
 4: -7.8166e+01 -1.3904e+03  2e+03  2e-02  2e-14
 5: -6.5982e+01 -1.2115e+03  2e+03  2e-02  2e-14
 6: -4.7882e+01 -9.0694e+02  1e+03  1e-02  2e-14
 7: -3.8423e+01 -7.1396e+02  1e+03  7e-03  2e-14
 8: -3.2955e+01 -5.5679e+02  8e+02  5e-03  2e-14
 9: -3.1683e+01 -4.1260e+02  5e+02  3e-03  2e-14
10: -3.5015e+01 -2.7578e+02  3e+02  2e-03  2e-14
11: -3.5972e+01 -2.2979e+02  2e+02  9e-04  2e-14
12: -2.8148e+01 -2.0989e+02  2e+02  4e-04  2e-14
13: -3.7341e+01 -1.7142e+02  1e+02  2e-04  2e-14
14: -3.8904e+01 -1.5592e+02  1e+02  1e-04  2e-14
15: -4.1660e+01 -1.4264e+02  1e+02  7e-05  2e-14
16: -4.2515e+01 -1.3905e+02  1e+02  5e-05  2e-14
17: -4.8166e+01 -1.1969e+02  7e+01  2e-05  2e-14
18: -4.9002e+01 -1.1908e+02  7e+01  2e-05  2e-14
19: -4.8751e+01 -1.1760e+02  7e+01  2e-05  2e-14
20: -5.1773e+01 -1.0826e+02  6e+01  1e-05  2e-14
21: -5.2826e+01 -1.0533e+02  5e+01  8e-06  2e-14
22: -5.5949e+01 -9.8427e+01  4e+01  6e-06  2e-14
23: -5.9699e+01 -8.8302e+01  3e+01  7e-07  2e-14
24: -6.0166e+01 -8.7918e+01  3e+01  6e-07  2e-14
25: -6.0636e+01 -8.6732e+01  3e+01  4e-07  2e-14
26: -6.1950e+01 -8.4368e+01  2e+01  3e-07  2e-14
27: -6.4958e+01 -7.9552e+01  1e+01  2e-07  2e-14
28: -6.5514e+01 -7.8274e+01  1e+01  1e-07  2e-14
29: -6.7386e+01 -7.5439e+01  8e+00  5e-08  2e-14
30: -6.7439e+01 -7.5355e+01  8e+00  4e-08  2e-14
31: -6.8762e+01 -7.3509e+01  5e+00  2e-08  2e-14
32: -6.9302e+01 -7.2744e+01  3e+00  1e-08  2e-14
33: -7.0051e+01 -7.1685e+01  2e+00  3e-09  2e-14
34: -7.0508e+01 -7.1126e+01  6e-01  2e-10  2e-14
35: -7.0782e+01 -7.0839e+01  6e-02  2e-11  2e-14
36: -7.0808e+01 -7.0812e+01  4e-03  1e-13  2e-14
37: -7.0810e+01 -7.0810e+01  4e-05  1e-14  2e-14
Optimal solution found.
----------Done----------
----------Calculating weights...----------
101 support vectors out of 12665 points
----------Done----------
----------Training SVM done----------
----------Start retesting training data...----------
12648 out of 12665 training data correct, 17 out of 12665 training data wrong
correct rate = 0.9986577181208054
wrong rate = 0.0013422818791946308
----------Start testing SVM...----------
2111 out of 2115 predictions correct, 4 out of 2115 predictions wrong
correct rate = 0.9981087470449173
wrong rate = 0.0018912529550827422

进程已结束，退出代码为 0
