/usr/local/anaconda3/envs/MachineLearning/bin/python3.8 /Users/abc_mac/PycharmProjects/MachineLearning/lab_5/svm.py
-------------training_data1, c = 0.0---------------
----------Calculating Kernel Matrix...----------
100%|██████████| 1500/1500 [00:03<00:00, 499.58it/s]
----------Done----------
----------Constructing coefficient matrices...----------
----------Done----------
----------Solving QP problem by qp_solvers...----------
     pcost       dcost       gap    pres   dres
 0: -2.7201e+02 -4.9756e+02  7e+03  1e+02  2e+00
 1: -4.3688e+02 -2.0214e+02  2e+03  2e+01  5e-01
 2: -5.2666e+02 -2.2509e+02  2e+03  2e+01  4e-01
 3: -5.1845e+02 -1.5793e+02  1e+03  2e+01  3e-01
 4: -1.7957e+02 -1.1462e+01  3e+02  3e+00  6e-02
 5: -2.4339e+00 -2.0365e-02  6e+00  6e-02  1e-03
 6: -3.4785e-02 -1.7796e-02  6e-02  5e-04  1e-05
 7: -1.4682e-02 -1.6206e-02  2e-03  4e-17  4e-13
 8: -1.5806e-02 -1.5827e-02  2e-05  5e-17  2e-13
 9: -1.5822e-02 -1.5822e-02  2e-07  4e-17  3e-13
10: -1.5822e-02 -1.5822e-02  2e-09  2e-17  3e-13
Optimal solution found.
----------Done----------
----------Calculating weights...----------
3 support vectors out of 1500 points
----------Done----------
1500 out of 1500 training data correct, 0 out of 1500 training data wrong
correct rate = 1.0
wrong rate = 0.0
500 out of 500 predictions correct, 0 out of 500 predictions wrong
correct rate = 1.0
wrong rate = 0.0
-------------training_data1, c = 0.1---------------
----------Calculating Kernel Matrix...----------
100%|██████████| 1500/1500 [00:02<00:00, 502.69it/s]
----------Done----------
----------Constructing coefficient matrices...----------
----------Done----------
----------Solving QP problem by qp_solvers...----------
     pcost       dcost       gap    pres   dres
 0: -1.4961e+02 -2.9285e+02  1e+04  3e+01  1e-10
 1: -2.8237e+01 -2.6910e+02  9e+02  2e+00  1e-10
 2: -1.3760e+01 -1.2970e+02  2e+02  3e-01  2e-11
 3: -4.5490e+00 -2.5311e+01  4e+01  5e-02  1e-11
 4: -1.3398e+00 -7.0624e+00  1e+01  1e-02  8e-12
 5: -4.7721e-01 -3.0907e+00  5e+00  5e-03  5e-12
 6: -1.8197e-01 -1.6379e+00  2e+00  3e-03  3e-12
 7:  2.2476e-03 -3.6080e-02  4e-02  2e-06  5e-13
 8: -1.0892e-03 -3.5162e-02  3e-02  2e-06  4e-13
 9: -1.3998e-02 -2.0908e-02  7e-03  7e-09  2e-13
10: -1.5742e-02 -1.5989e-02  2e-04  2e-10  3e-13
11: -1.5822e-02 -1.5824e-02  3e-06  2e-12  3e-13
12: -1.5822e-02 -1.5822e-02  3e-08  2e-14  3e-13
Optimal solution found.
----------Done----------
----------Calculating weights...----------
3 support vectors out of 1500 points
----------Done----------
1500 out of 1500 training data correct, 0 out of 1500 training data wrong
correct rate = 1.0
wrong rate = 0.0
500 out of 500 predictions correct, 0 out of 500 predictions wrong
correct rate = 1.0
wrong rate = 0.0
-------------training_data1, c = 0.2---------------
----------Calculating Kernel Matrix...----------
100%|██████████| 1500/1500 [00:02<00:00, 500.45it/s]
----------Done----------
----------Constructing coefficient matrices...----------
----------Done----------
----------Solving QP problem by qp_solvers...----------
     pcost       dcost       gap    pres   dres
 0: -1.6321e+02 -6.1168e+02  1e+04  1e+01  2e-10
 1: -4.9470e+01 -5.2594e+02  2e+03  1e+00  1e-10
 2: -2.3901e+01 -2.1888e+02  3e+02  2e-01  4e-11
 3: -7.4134e+00 -3.8683e+01  6e+01  4e-02  3e-11
 4: -2.0175e+00 -1.0826e+01  2e+01  9e-03  1e-11
 5: -6.8433e-01 -4.7899e+00  7e+00  4e-03  7e-12
 6: -1.4866e-01 -1.6179e+00  2e+00  1e-03  3e-12
 7: -1.6222e-03 -3.2906e-02  4e-02  1e-05  3e-13
 8: -4.5808e-03 -3.3663e-02  4e-02  8e-06  2e-13
 9: -1.2130e-02 -2.1826e-02  1e-02  2e-06  2e-13
10: -1.5466e-02 -1.6324e-02  9e-04  7e-08  2e-13
11: -1.5819e-02 -1.5827e-02  9e-06  7e-10  3e-13
12: -1.5822e-02 -1.5822e-02  9e-08  7e-12  3e-13
Optimal solution found.
----------Done----------
----------Calculating weights...----------
3 support vectors out of 1500 points
----------Done----------
1500 out of 1500 training data correct, 0 out of 1500 training data wrong
correct rate = 1.0
wrong rate = 0.0
500 out of 500 predictions correct, 0 out of 500 predictions wrong
correct rate = 1.0
wrong rate = 0.0
-------------training_data1, c = 0.3---------------
----------Calculating Kernel Matrix...----------
100%|██████████| 1500/1500 [00:03<00:00, 494.82it/s]
----------Done----------
----------Constructing coefficient matrices...----------
----------Done----------
----------Solving QP problem by qp_solvers...----------
     pcost       dcost       gap    pres   dres
 0: -1.7681e+02 -9.5648e+02  1e+04  9e+00  2e-10
 1: -6.7191e+01 -7.7853e+02  2e+03  1e+00  1e-10
 2: -3.1592e+01 -2.8435e+02  4e+02  2e-01  5e-11
 3: -9.3025e+00 -4.9495e+01  7e+01  3e-02  3e-11
 4: -2.4211e+00 -1.4486e+01  2e+01  8e-03  2e-11
 5: -6.1406e-01 -4.9984e+00  7e+00  3e-03  7e-12
 6: -3.7282e-02 -5.1975e-01  8e-01  2e-04  2e-12
 7: -1.5415e-02 -2.1353e-01  3e-01  9e-05  6e-13
 8: -1.2149e-02 -2.0852e-01  3e-01  8e-05  6e-13
 9: -6.0521e-03 -1.9869e-01  3e-01  7e-05  5e-13
10: -3.7192e-03 -1.1005e-01  1e-01  3e-05  2e-13
11: -2.4764e-04 -1.0348e-01  1e-01  3e-05  2e-13
12:  6.2424e-03 -8.5652e-02  1e-01  1e-05  8e-14
13: -1.8818e-03 -4.5462e-02  5e-02  4e-06  6e-14
14: -4.8389e-03 -3.6596e-02  3e-02  2e-06  1e-13
15: -1.3593e-02 -1.9943e-02  6e-03  1e-07  2e-13
16: -1.5799e-02 -1.5869e-02  7e-05  1e-09  2e-13
17: -1.5822e-02 -1.5823e-02  7e-07  1e-11  3e-13
18: -1.5822e-02 -1.5822e-02  7e-09  1e-13  3e-13
Optimal solution found.
----------Done----------
----------Calculating weights...----------
3 support vectors out of 1500 points
----------Done----------
1500 out of 1500 training data correct, 0 out of 1500 training data wrong
correct rate = 1.0
wrong rate = 0.0
500 out of 500 predictions correct, 0 out of 500 predictions wrong
correct rate = 1.0
wrong rate = 0.0
save
-------------training_data1, c = 0.4---------------
----------Calculating Kernel Matrix...----------
100%|██████████| 1500/1500 [00:02<00:00, 502.95it/s]
----------Done----------
----------Constructing coefficient matrices...----------
----------Done----------
----------Solving QP problem by qp_solvers...----------
     pcost       dcost       gap    pres   dres
 0: -1.9041e+02 -1.3272e+03  2e+04  7e+00  2e-10
 1: -8.2582e+01 -1.0305e+03  3e+03  1e+00  1e-10
 2: -3.7406e+01 -3.3419e+02  5e+02  1e-01  6e-11
 3: -1.0730e+01 -6.0977e+01  9e+01  3e-02  4e-11
 4: -2.3082e+00 -1.5661e+01  2e+01  6e-03  3e-11
 5: -4.0676e-01 -4.6743e+00  7e+00  2e-03  8e-12
 6: -1.3322e-03 -6.6513e-02  9e-02  2e-05  1e-12
 7: -2.3335e-03 -4.5468e-02  5e-02  8e-06  5e-13
 8: -2.6432e-03 -4.5667e-02  5e-02  7e-06  5e-13
 9: -5.8936e-03 -3.9210e-02  4e-02  4e-06  3e-13
10: -1.5033e-02 -1.7618e-02  3e-03  1e-07  2e-13
11: -1.5814e-02 -1.5842e-02  3e-05  1e-09  3e-13
12: -1.5822e-02 -1.5823e-02  3e-07  1e-11  3e-13
13: -1.5822e-02 -1.5822e-02  3e-09  1e-13  3e-13
Optimal solution found.
----------Done----------
----------Calculating weights...----------
3 support vectors out of 1500 points
----------Done----------
1500 out of 1500 training data correct, 0 out of 1500 training data wrong
correct rate = 1.0
wrong rate = 0.0
500 out of 500 predictions correct, 0 out of 500 predictions wrong
correct rate = 1.0
wrong rate = 0.0
-------------training_data1, c = 0.5---------------
----------Calculating Kernel Matrix...----------
100%|██████████| 1500/1500 [00:03<00:00, 498.94it/s]
----------Done----------
----------Constructing coefficient matrices...----------
----------Done----------
----------Solving QP problem by qp_solvers...----------
     pcost       dcost       gap    pres   dres
 0: -2.0401e+02 -1.7240e+03  2e+04  6e+00  2e-10
 1: -9.6330e+01 -1.2837e+03  3e+03  8e-01  1e-10
 2: -4.1884e+01 -3.7575e+02  6e+02  1e-01  7e-11
 3: -1.1390e+01 -6.7882e+01  1e+02  2e-02  5e-11
 4: -2.1407e+00 -1.6305e+01  2e+01  5e-03  2e-11
 5: -3.6316e-01 -4.1279e+00  6e+00  1e-03  7e-12
 6: -6.6985e-04 -6.0854e-02  8e-02  1e-05  7e-13
 7: -2.6473e-03 -4.3381e-02  5e-02  6e-06  4e-13
 8: -3.3247e-03 -4.3866e-02  5e-02  5e-06  3e-13
 9: -1.2526e-02 -2.3290e-02  1e-02  6e-07  2e-13
10: -1.5620e-02 -1.6197e-02  6e-04  2e-08  2e-13
11: -1.5820e-02 -1.5826e-02  6e-06  2e-10  3e-13
12: -1.5822e-02 -1.5822e-02  6e-08  2e-12  3e-13
Optimal solution found.
----------Done----------
----------Calculating weights...----------
3 support vectors out of 1500 points
----------Done----------
1500 out of 1500 training data correct, 0 out of 1500 training data wrong
correct rate = 1.0
wrong rate = 0.0
500 out of 500 predictions correct, 0 out of 500 predictions wrong
correct rate = 1.0
wrong rate = 0.0
-------------training_data1, c = 0.6---------------
----------Calculating Kernel Matrix...----------
100%|██████████| 1500/1500 [00:03<00:00, 495.35it/s]
----------Done----------
----------Constructing coefficient matrices...----------
----------Done----------
----------Solving QP problem by qp_solvers...----------
     pcost       dcost       gap    pres   dres
 0: -2.1761e+02 -2.1467e+03  2e+04  5e+00  2e-10
 1: -1.0885e+02 -1.5390e+03  3e+03  7e-01  1e-10
 2: -4.5365e+01 -4.1360e+02  6e+02  1e-01  8e-11
 3: -1.1444e+01 -7.1304e+01  1e+02  2e-02  9e-11
 4: -1.9589e+00 -1.6945e+01  3e+01  4e-03  3e-11
 5: -1.0619e-01 -1.4685e+00  2e+00  3e-04  6e-12
 6:  2.3839e-03 -3.3644e-02  4e-02  3e-06  2e-13
 7: -2.1748e-03 -2.7417e-02  3e-02  2e-06  1e-13
 8: -3.9109e-03 -2.7726e-02  3e-02  1e-06  1e-13
 9: -1.1174e-02 -2.2769e-02  1e-02  4e-07  2e-13
10: -1.5747e-02 -1.5972e-02  2e-04  5e-09  2e-13
11: -1.5822e-02 -1.5824e-02  2e-06  5e-11  3e-13
12: -1.5822e-02 -1.5822e-02  2e-08  5e-13  3e-13
Optimal solution found.
----------Done----------
----------Calculating weights...----------
3 support vectors out of 1500 points
----------Done----------
1500 out of 1500 training data correct, 0 out of 1500 training data wrong
correct rate = 1.0
wrong rate = 0.0
500 out of 500 predictions correct, 0 out of 500 predictions wrong
correct rate = 1.0
wrong rate = 0.0
-------------training_data1, c = 0.7---------------
----------Calculating Kernel Matrix...----------
100%|██████████| 1500/1500 [00:03<00:00, 496.07it/s]
----------Done----------
----------Constructing coefficient matrices...----------
----------Done----------
----------Solving QP problem by qp_solvers...----------
     pcost       dcost       gap    pres   dres
 0: -2.3121e+02 -2.5954e+03  2e+04  5e+00  2e-10
 1: -1.2045e+02 -1.7970e+03  4e+03  6e-01  2e-10
 2: -4.7693e+01 -4.4311e+02  7e+02  9e-02  1e-10
 3: -1.1508e+01 -7.8751e+01  1e+02  2e-02  6e-11
 4: -1.5503e+00 -1.6249e+01  2e+01  3e-03  3e-11
 5: -5.5212e-03 -1.9184e-01  3e-01  3e-05  3e-12
 6: -3.7537e-03 -7.7287e-02  1e-01  1e-05  1e-12
 7: -2.9606e-03 -7.4875e-02  1e-01  9e-06  8e-13
 8: -5.0338e-03 -5.4199e-02  6e-02  4e-06  4e-13
 9: -1.4175e-02 -1.8765e-02  5e-03  2e-16  2e-13
10: -1.5803e-02 -1.5859e-02  6e-05  2e-16  2e-13
11: -1.5822e-02 -1.5823e-02  6e-07  2e-16  2e-13
12: -1.5822e-02 -1.5822e-02  6e-09  2e-16  3e-13
Optimal solution found.
----------Done----------
----------Calculating weights...----------
3 support vectors out of 1500 points
----------Done----------
1500 out of 1500 training data correct, 0 out of 1500 training data wrong
correct rate = 1.0
wrong rate = 0.0
500 out of 500 predictions correct, 0 out of 500 predictions wrong
correct rate = 1.0
wrong rate = 0.0
save
-------------training_data1, c = 0.8---------------
----------Calculating Kernel Matrix...----------
100%|██████████| 1500/1500 [00:02<00:00, 501.99it/s]
----------Done----------
----------Constructing coefficient matrices...----------
----------Done----------
----------Solving QP problem by qp_solvers...----------
     pcost       dcost       gap    pres   dres
 0: -2.4481e+02 -3.0701e+03  2e+04  4e+00  2e-10
 1: -1.3150e+02 -2.0597e+03  4e+03  6e-01  2e-10
 2: -4.9441e+01 -4.6793e+02  7e+02  8e-02  1e-10
 3: -1.1177e+01 -8.4302e+01  1e+02  1e-02  8e-11
 4: -9.8480e-01 -1.3587e+01  2e+01  2e-03  4e-11
 5: -2.5097e-03 -1.6156e-01  2e-01  2e-05  2e-12
 6: -2.1787e-03 -6.3143e-02  8e-02  7e-06  5e-13
 7: -2.8889e-03 -6.3461e-02  8e-02  6e-06  5e-13
 8: -6.7334e-03 -3.7188e-02  3e-02  1e-06  2e-13
 9: -1.1693e-02 -2.4508e-02  1e-02  3e-07  2e-13
10: -1.5750e-02 -1.6000e-02  3e-04  5e-09  2e-13
11: -1.5822e-02 -1.5824e-02  3e-06  5e-11  3e-13
12: -1.5822e-02 -1.5822e-02  3e-08  5e-13  3e-13
Optimal solution found.
----------Done----------
----------Calculating weights...----------
3 support vectors out of 1500 points
----------Done----------
1500 out of 1500 training data correct, 0 out of 1500 training data wrong
correct rate = 1.0
wrong rate = 0.0
500 out of 500 predictions correct, 0 out of 500 predictions wrong
correct rate = 1.0
wrong rate = 0.0
-------------training_data1, c = 0.9---------------
----------Calculating Kernel Matrix...----------
100%|██████████| 1500/1500 [00:03<00:00, 491.20it/s]
----------Done----------
----------Constructing coefficient matrices...----------
----------Done----------
----------Solving QP problem by qp_solvers...----------
     pcost       dcost       gap    pres   dres
 0: -2.5841e+02 -3.5707e+03  2e+04  4e+00  3e-10
 1: -1.4201e+02 -2.3270e+03  5e+03  5e-01  2e-10
 2: -5.0973e+01 -4.9576e+02  8e+02  7e-02  1e-10
 3: -1.0617e+01 -8.7337e+01  1e+02  1e-02  6e-11
 4: -1.0028e+00 -1.4740e+01  2e+01  2e-03  3e-11
 5: -1.2465e-03 -1.7472e-01  3e-01  2e-05  2e-12
 6: -1.1113e-03 -5.9355e-02  8e-02  5e-06  5e-13
 7: -1.6749e-03 -5.9698e-02  8e-02  5e-06  5e-13
 8: -2.7338e-03 -5.7215e-02  7e-02  4e-06  4e-13
 9: -9.7092e-03 -2.6860e-02  2e-02  2e-07  2e-13
10: -1.5122e-02 -1.6769e-02  2e-03  3e-09  2e-13
11: -1.5815e-02 -1.5832e-02  2e-05  3e-11  3e-13
12: -1.5822e-02 -1.5822e-02  2e-07  3e-13  3e-13
13: -1.5822e-02 -1.5822e-02  2e-09  3e-15  3e-13
Optimal solution found.
----------Done----------
----------Calculating weights...----------
3 support vectors out of 1500 points
----------Done----------
1500 out of 1500 training data correct, 0 out of 1500 training data wrong
correct rate = 1.0
wrong rate = 0.0
500 out of 500 predictions correct, 0 out of 500 predictions wrong
correct rate = 1.0
wrong rate = 0.0
-------------training_data1, c = 1.0---------------
----------Calculating Kernel Matrix...----------
100%|██████████| 1500/1500 [00:03<00:00, 491.19it/s]
----------Done----------
----------Constructing coefficient matrices...----------
----------Done----------
----------Solving QP problem by qp_solvers...----------
     pcost       dcost       gap    pres   dres
 0: -2.7201e+02 -4.0973e+03  3e+04  4e+00  3e-10
 1: -1.5220e+02 -2.6009e+03  5e+03  5e-01  2e-10
 2: -5.2229e+01 -5.2032e+02  8e+02  7e-02  1e-10
 3: -1.0128e+01 -9.0676e+01  1e+02  1e-02  8e-11
 4: -9.4735e-01 -1.4375e+01  2e+01  2e-03  2e-11
 5:  3.9002e-04 -1.7242e-01  3e-01  2e-05  2e-12
 6: -7.3511e-04 -5.1852e-02  7e-02  4e-06  5e-13
 7: -1.3645e-03 -5.2301e-02  7e-02  4e-06  5e-13
 8: -2.5365e-03 -5.1227e-02  6e-02  3e-06  4e-13
 9: -1.0981e-02 -2.4365e-02  1e-02  2e-16  2e-13
10: -1.5456e-02 -1.6410e-02  1e-03  2e-16  2e-13
11: -1.5819e-02 -1.5828e-02  1e-05  2e-16  2e-13
12: -1.5822e-02 -1.5822e-02  1e-07  2e-16  3e-13
Optimal solution found.
----------Done----------
----------Calculating weights...----------
3 support vectors out of 1500 points
----------Done----------
1500 out of 1500 training data correct, 0 out of 1500 training data wrong
correct rate = 1.0
wrong rate = 0.0
500 out of 500 predictions correct, 0 out of 500 predictions wrong
correct rate = 1.0
wrong rate = 0.0
save
-------------training_data2, c = 0.0---------------
----------Calculating Kernel Matrix...----------
100%|██████████| 1500/1500 [00:03<00:00, 494.92it/s]
----------Done----------
----------Constructing coefficient matrices...----------
----------Done----------
----------Solving QP problem by qp_solvers...----------
     pcost       dcost       gap    pres   dres
 0: -4.1262e+02 -8.3370e+02  8e+03  1e+02  2e+00
 1: -1.0265e+03 -9.9816e+02  4e+03  5e+01  1e+00
 2: -1.3099e+03 -1.2687e+03  4e+03  5e+01  1e+00
 3: -2.3084e+03 -2.2211e+03  4e+03  5e+01  1e+00
 4: -7.8674e+03 -7.5088e+03  4e+03  5e+01  1e+00
 5: -8.5300e+03 -8.1333e+03  4e+03  5e+01  1e+00
 6: -1.9802e+04 -1.8749e+04  5e+03  5e+01  9e-01
 7: -2.6747e+04 -2.4560e+04  9e+03  5e+01  9e-01
 8: -1.8250e+04 -1.4745e+04  2e+04  4e+01  8e-01
 9: -1.3436e+04 -6.4994e+03  2e+04  3e+01  5e-01
10: -1.4209e+03 -1.2148e+02  4e+03  5e+00  8e-02
11: -2.4024e+01 -2.1594e+00  7e+01  7e-02  1e-03
12: -5.4256e-01 -1.9964e+00  1e+00  1e-14  2e-10
13: -1.3664e+00 -1.4414e+00  7e-02  3e-15  2e-11
14: -1.4354e+00 -1.4361e+00  8e-04  1e-15  2e-11
15: -1.4361e+00 -1.4361e+00  8e-06  1e-15  2e-11
16: -1.4361e+00 -1.4361e+00  8e-08  2e-15  2e-11
Optimal solution found.
----------Done----------
----------Calculating weights...----------
3 support vectors out of 1500 points
----------Done----------
1500 out of 1500 training data correct, 0 out of 1500 training data wrong
correct rate = 1.0
wrong rate = 0.0
500 out of 500 predictions correct, 0 out of 500 predictions wrong
correct rate = 1.0
wrong rate = 0.0
-------------training_data2, c = 0.1---------------
----------Calculating Kernel Matrix...----------
100%|██████████| 1500/1500 [00:03<00:00, 486.45it/s]
----------Done----------
----------Constructing coefficient matrices...----------
----------Done----------
----------Solving QP problem by qp_solvers...----------
     pcost       dcost       gap    pres   dres
 0: -2.2694e+02 -3.2279e+02  1e+04  3e+01  2e-10
 1: -4.3261e+01 -3.0026e+02  1e+03  2e+00  2e-10
 2: -2.3988e+01 -1.6593e+02  3e+02  3e-01  3e-11
 3: -1.3056e+01 -5.1373e+01  7e+01  9e-02  2e-11
 4: -8.3048e+00 -1.9835e+01  3e+01  3e-02  1e-11
 5: -6.1076e+00 -1.3025e+01  2e+01  2e-02  1e-11
 6: -4.8187e+00 -9.9062e+00  1e+01  1e-02  8e-12
 7: -3.9417e+00 -8.0975e+00  1e+01  1e-02  8e-12
 8: -3.3994e+00 -6.7263e+00  1e+01  8e-03  7e-12
 9: -2.9410e+00 -5.7886e+00  8e+00  7e-03  7e-12
10: -2.4724e+00 -5.1655e+00  8e+00  6e-03  7e-12
11: -2.2506e+00 -4.8468e+00  7e+00  5e-03  6e-12
12: -2.0031e+00 -4.2273e+00  6e+00  4e-03  5e-12
13: -1.7309e+00 -4.0434e+00  6e+00  4e-03  5e-12
14: -1.5479e+00 -3.7151e+00  6e+00  3e-03  5e-12
15: -1.3426e+00 -3.3678e+00  5e+00  3e-03  5e-12
16: -1.1261e+00 -2.9967e+00  5e+00  2e-03  4e-12
17: -9.4832e-01 -2.7357e+00  4e+00  2e-03  4e-12
18: -7.8648e-01 -2.3831e+00  3e+00  1e-03  3e-12
19: -6.7513e-01 -1.4723e+00  2e+00  6e-04  3e-12
20: -6.1368e-01 -9.5877e-01  7e-01  2e-04  3e-12
21: -6.0024e-01 -6.2981e-01  6e-02  2e-05  3e-12
22: -5.9971e-01 -6.0014e-01  8e-04  3e-07  3e-12
23: -5.9971e-01 -5.9972e-01  8e-06  3e-09  3e-12
24: -5.9971e-01 -5.9971e-01  8e-08  3e-11  3e-12
Optimal solution found.
----------Done----------
----------Calculating weights...----------
10 support vectors out of 1500 points
----------Done----------
1500 out of 1500 training data correct, 0 out of 1500 training data wrong
correct rate = 1.0
wrong rate = 0.0
500 out of 500 predictions correct, 0 out of 500 predictions wrong
correct rate = 1.0
wrong rate = 0.0
-------------training_data2, c = 0.2---------------
----------Calculating Kernel Matrix...----------
100%|██████████| 1500/1500 [00:03<00:00, 497.12it/s]
----------Done----------
----------Constructing coefficient matrices...----------
----------Done----------
----------Solving QP problem by qp_solvers...----------
     pcost       dcost       gap    pres   dres
 0: -2.4757e+02 -6.7700e+02  1e+04  1e+01  2e-10
 1: -7.6077e+01 -5.9532e+02  2e+03  2e+00  2e-10
 2: -4.3449e+01 -2.9216e+02  4e+02  3e-01  5e-11
 3: -2.3486e+01 -8.3368e+01  1e+02  7e-02  3e-11
 4: -1.5511e+01 -3.8422e+01  5e+01  3e-02  2e-11
 5: -1.1184e+01 -2.3694e+01  3e+01  2e-02  2e-11
 6: -8.5605e+00 -1.7672e+01  2e+01  1e-02  2e-11
 7: -7.1106e+00 -1.4040e+01  2e+01  9e-03  1e-11
 8: -6.4011e+00 -1.2461e+01  2e+01  8e-03  1e-11
 9: -5.5051e+00 -1.1258e+01  2e+01  7e-03  1e-11
10: -4.7775e+00 -1.0119e+01  2e+01  6e-03  1e-11
11: -4.1470e+00 -8.6909e+00  1e+01  4e-03  1e-11
12: -3.6268e+00 -8.3721e+00  1e+01  4e-03  1e-11
13: -3.2521e+00 -7.7259e+00  1e+01  3e-03  1e-11
14: -2.9036e+00 -7.1650e+00  1e+01  3e-03  1e-11
15: -2.4815e+00 -6.4247e+00  1e+01  3e-03  9e-12
16: -2.1428e+00 -6.0699e+00  1e+01  2e-03  8e-12
17: -1.8312e+00 -5.4639e+00  9e+00  2e-03  8e-12
18: -1.5568e+00 -4.9846e+00  8e+00  2e-03  7e-12
19: -1.3394e+00 -4.2300e+00  7e+00  1e-03  6e-12
20: -1.1955e+00 -3.4536e+00  5e+00  9e-04  6e-12
21: -9.7134e-01 -3.1217e+00  4e+00  7e-04  6e-12
22: -8.1760e-01 -9.9797e-01  3e-01  5e-05  6e-12
23: -8.2265e-01 -8.3258e-01  1e-02  5e-07  6e-12
24: -8.2636e-01 -8.2647e-01  1e-04  5e-09  6e-12
25: -8.2640e-01 -8.2640e-01  1e-06  5e-11  6e-12
26: -8.2640e-01 -8.2640e-01  1e-08  5e-13  6e-12
Optimal solution found.
----------Done----------
----------Calculating weights...----------
8 support vectors out of 1500 points
----------Done----------
1500 out of 1500 training data correct, 0 out of 1500 training data wrong
correct rate = 1.0
wrong rate = 0.0
500 out of 500 predictions correct, 0 out of 500 predictions wrong
correct rate = 1.0
wrong rate = 0.0
-------------training_data2, c = 0.3---------------
----------Calculating Kernel Matrix...----------
100%|██████████| 1500/1500 [00:03<00:00, 495.21it/s]
----------Done----------
----------Constructing coefficient matrices...----------
----------Done----------
----------Solving QP problem by qp_solvers...----------
     pcost       dcost       gap    pres   dres
 0: -2.6820e+02 -1.0626e+03  2e+04  1e+01  2e-10
 1: -1.0385e+02 -8.9232e+02  3e+03  1e+00  2e-10
 2: -5.9707e+01 -3.9447e+02  6e+02  2e-01  6e-11
 3: -3.1843e+01 -1.0561e+02  1e+02  6e-02  4e-11
 4: -2.0624e+01 -4.8629e+01  6e+01  2e-02  3e-11
 5: -1.5262e+01 -3.2375e+01  4e+01  1e-02  3e-11
 6: -1.1487e+01 -2.3698e+01  3e+01  1e-02  2e-11
 7: -9.9410e+00 -1.9735e+01  3e+01  8e-03  2e-11
 8: -8.6820e+00 -1.7661e+01  3e+01  7e-03  2e-11
 9: -7.4028e+00 -1.5506e+01  2e+01  6e-03  2e-11
10: -6.6840e+00 -1.4076e+01  2e+01  5e-03  2e-11
11: -6.0411e+00 -1.2710e+01  2e+01  4e-03  2e-11
12: -5.3403e+00 -1.1557e+01  2e+01  4e-03  2e-11
13: -4.7564e+00 -1.0853e+01  2e+01  3e-03  2e-11
14: -4.1898e+00 -9.9459e+00  2e+01  3e-03  1e-11
15: -3.5930e+00 -8.9686e+00  1e+01  2e-03  1e-11
16: -3.0353e+00 -8.4528e+00  1e+01  2e-03  1e-11
17: -2.6929e+00 -7.5175e+00  1e+01  2e-03  1e-11
18: -2.3281e+00 -7.1930e+00  1e+01  2e-03  1e-11
19: -2.0922e+00 -6.4184e+00  1e+01  1e-03  9e-12
20: -1.6746e+00 -6.0038e+00  1e+01  1e-03  9e-12
21: -1.4945e+00 -4.9293e+00  8e+00  9e-04  8e-12
22: -1.2840e+00 -3.4943e+00  5e+00  5e-04  7e-12
23: -1.2080e+00 -3.1091e+00  4e+00  4e-04  7e-12
24: -1.0550e+00 -2.7499e+00  3e+00  3e-04  7e-12
25: -9.9187e-01 -1.1029e+00  2e-01  2e-05  8e-12
26: -9.9610e-01 -9.9758e-01  3e-03  2e-07  7e-12
27: -9.9635e-01 -9.9637e-01  3e-05  2e-09  8e-12
28: -9.9635e-01 -9.9636e-01  3e-07  2e-11  7e-12
Optimal solution found.
----------Done----------
----------Calculating weights...----------
7 support vectors out of 1500 points
----------Done----------
1500 out of 1500 training data correct, 0 out of 1500 training data wrong
correct rate = 1.0
wrong rate = 0.0
500 out of 500 predictions correct, 0 out of 500 predictions wrong
correct rate = 1.0
wrong rate = 0.0
save
  0%|          | 0/1500 [00:00<?, ?it/s]-------------training_data2, c = 0.4---------------
----------Calculating Kernel Matrix...----------
100%|██████████| 1500/1500 [00:03<00:00, 496.81it/s]
----------Done----------
----------Constructing coefficient matrices...----------
----------Done----------
----------Solving QP problem by qp_solvers...----------
     pcost       dcost       gap    pres   dres
 0: -2.8883e+02 -1.4797e+03  2e+04  8e+00  2e-10
 1: -1.2836e+02 -1.1944e+03  3e+03  1e+00  2e-10
 2: -7.3594e+01 -4.8260e+02  7e+02  2e-01  7e-11
 3: -3.9469e+01 -1.2875e+02  2e+02  5e-02  5e-11
 4: -2.4703e+01 -5.6506e+01  8e+01  2e-02  4e-11
 5: -1.8815e+01 -4.1055e+01  6e+01  1e-02  3e-11
 6: -1.4743e+01 -3.0956e+01  4e+01  9e-03  3e-11
 7: -1.2931e+01 -2.6216e+01  4e+01  8e-03  3e-11
 8: -1.1103e+01 -2.3342e+01  3e+01  7e-03  3e-11
 9: -9.4890e+00 -2.0365e+01  3e+01  5e-03  2e-11
10: -8.4500e+00 -1.7927e+01  3e+01  5e-03  2e-11
11: -7.4271e+00 -1.7048e+01  3e+01  4e-03  2e-11
12: -6.5401e+00 -1.5502e+01  3e+01  3e-03  2e-11
13: -5.6500e+00 -1.4073e+01  2e+01  3e-03  2e-11
14: -4.8778e+00 -1.2735e+01  2e+01  3e-03  2e-11
15: -4.1651e+00 -1.1783e+01  2e+01  2e-03  2e-11
16: -3.5656e+00 -1.0478e+01  2e+01  2e-03  1e-11
17: -3.1099e+00 -9.5384e+00  2e+01  2e-03  1e-11
18: -2.8184e+00 -8.6145e+00  1e+01  1e-03  1e-11
19: -2.3034e+00 -7.9743e+00  1e+01  1e-03  1e-11
20: -1.9994e+00 -6.7662e+00  1e+01  9e-04  1e-11
21: -1.8534e+00 -6.1394e+00  1e+01  7e-04  9e-12
22: -1.6361e+00 -5.7808e+00  9e+00  7e-04  1e-11
23: -1.4697e+00 -4.6893e+00  7e+00  5e-04  9e-12
24: -1.0723e+00 -4.2230e+00  6e+00  4e-04  9e-12
25: -9.1928e-01 -3.3112e+00  4e+00  2e-04  8e-12
26: -9.8623e-01 -1.7716e+00  1e+00  6e-05  8e-12
27: -9.5564e-01 -1.7430e+00  1e+00  5e-05  8e-12
28: -7.9163e-01 -1.6131e+00  8e-01  7e-16  9e-12
29: -1.0135e+00 -1.2375e+00  2e-01  9e-16  9e-12
30: -1.0948e+00 -1.1354e+00  4e-02  9e-16  9e-12
31: -1.1143e+00 -1.1147e+00  5e-04  2e-16  9e-12
32: -1.1145e+00 -1.1145e+00  5e-06  7e-16  1e-11
33: -1.1145e+00 -1.1145e+00  5e-08  7e-16  1e-11
Optimal solution found.
----------Done----------
----------Calculating weights...----------
6 support vectors out of 1500 points
----------Done----------
1500 out of 1500 training data correct, 0 out of 1500 training data wrong
correct rate = 1.0
wrong rate = 0.0
500 out of 500 predictions correct, 0 out of 500 predictions wrong
correct rate = 1.0
wrong rate = 0.0
-------------training_data2, c = 0.5---------------
----------Calculating Kernel Matrix...----------
100%|██████████| 1500/1500 [00:03<00:00, 496.68it/s]
----------Done----------
----------Constructing coefficient matrices...----------
----------Done----------
----------Solving QP problem by qp_solvers...----------
     pcost       dcost       gap    pres   dres
 0: -3.0947e+02 -1.9281e+03  2e+04  7e+00  3e-10
 1: -1.5065e+02 -1.5029e+03  4e+03  9e-01  2e-10
 2: -8.5513e+01 -5.6139e+02  8e+02  2e-01  9e-11
 3: -4.5614e+01 -1.4527e+02  2e+02  4e-02  7e-11
 4: -2.8488e+01 -6.7305e+01  9e+01  2e-02  5e-11
 5: -2.0392e+01 -4.4194e+01  6e+01  1e-02  4e-11
 6: -1.6990e+01 -3.4835e+01  5e+01  8e-03  4e-11
 7: -1.4457e+01 -2.9187e+01  4e+01  7e-03  4e-11
 8: -1.2416e+01 -2.5987e+01  4e+01  6e-03  3e-11
 9: -1.0780e+01 -2.2321e+01  3e+01  5e-03  3e-11
10: -9.5995e+00 -2.1121e+01  3e+01  4e-03  3e-11
11: -8.3676e+00 -1.8717e+01  3e+01  3e-03  3e-11
12: -7.4536e+00 -1.7374e+01  3e+01  3e-03  2e-11
13: -6.3990e+00 -1.5618e+01  3e+01  3e-03  2e-11
14: -5.4257e+00 -1.4535e+01  2e+01  2e-03  2e-11
15: -4.7665e+00 -1.3080e+01  2e+01  2e-03  2e-11
16: -4.1205e+00 -1.2512e+01  2e+01  2e-03  2e-11
17: -3.7320e+00 -1.1226e+01  2e+01  1e-03  2e-11
18: -3.0407e+00 -1.0587e+01  2e+01  1e-03  1e-11
19: -2.6402e+00 -9.1898e+00  2e+01  1e-03  1e-11
20: -2.4530e+00 -8.5157e+00  1e+01  9e-04  1e-11
21: -2.1850e+00 -7.9915e+00  1e+01  8e-04  1e-11
22: -2.0048e+00 -6.9866e+00  1e+01  6e-04  1e-11
23: -1.5432e+00 -6.5743e+00  1e+01  5e-04  1e-11
24: -1.3084e+00 -3.6002e+00  5e+00  2e-04  9e-12
25: -1.2302e+00 -1.3121e+00  2e-01  8e-06  1e-11
26: -1.2223e+00 -1.2231e+00  2e-03  8e-08  1e-11
27: -1.2222e+00 -1.2222e+00  2e-05  8e-10  1e-11
28: -1.2222e+00 -1.2222e+00  2e-07  8e-12  1e-11
Optimal solution found.
----------Done----------
----------Calculating weights...----------
5 support vectors out of 1500 points
----------Done----------
1500 out of 1500 training data correct, 0 out of 1500 training data wrong
correct rate = 1.0
wrong rate = 0.0
500 out of 500 predictions correct, 0 out of 500 predictions wrong
correct rate = 1.0
wrong rate = 0.0
  0%|          | 0/1500 [00:00<?, ?it/s]-------------training_data2, c = 0.6---------------
----------Calculating Kernel Matrix...----------
100%|██████████| 1500/1500 [00:03<00:00, 490.70it/s]
----------Done----------
----------Constructing coefficient matrices...----------
----------Done----------
----------Solving QP problem by qp_solvers...----------
     pcost       dcost       gap    pres   dres
 0: -3.3010e+02 -2.4080e+03  2e+04  6e+00  3e-10
 1: -1.7131e+02 -1.8184e+03  4e+03  8e-01  2e-10
 2: -9.5341e+01 -6.2742e+02  9e+02  1e-01  1e-10
 3: -4.9866e+01 -1.5388e+02  2e+02  4e-02  7e-11
 4: -3.0708e+01 -7.3956e+01  1e+02  2e-02  6e-11
 5: -2.2220e+01 -4.9961e+01  7e+01  1e-02  5e-11
 6: -1.8702e+01 -3.9286e+01  6e+01  7e-03  4e-11
 7: -1.6234e+01 -3.5499e+01  5e+01  6e-03  4e-11
 8: -1.3776e+01 -3.0229e+01  4e+01  5e-03  4e-11
 9: -1.2358e+01 -2.6853e+01  4e+01  4e-03  4e-11
10: -1.0972e+01 -2.5140e+01  4e+01  4e-03  3e-11
11: -9.5426e+00 -2.2766e+01  4e+01  3e-03  3e-11
12: -8.4146e+00 -2.0914e+01  3e+01  3e-03  3e-11
13: -7.0328e+00 -1.8473e+01  3e+01  2e-03  3e-11
14: -6.2030e+00 -1.7206e+01  3e+01  2e-03  2e-11
15: -5.1504e+00 -1.5785e+01  3e+01  2e-03  2e-11
16: -4.6636e+00 -1.4576e+01  2e+01  2e-03  2e-11
17: -3.7877e+00 -1.3986e+01  2e+01  1e-03  2e-11
18: -3.3025e+00 -1.2255e+01  2e+01  1e-03  2e-11
19: -3.0095e+00 -1.1330e+01  2e+01  1e-03  2e-11
20: -2.6386e+00 -9.5829e+00  2e+01  8e-04  1e-11
21: -2.3717e+00 -9.1541e+00  2e+01  7e-04  1e-11
22: -1.9801e+00 -8.1736e+00  1e+01  6e-04  1e-11
23: -1.6337e+00 -5.8288e+00  9e+00  3e-04  1e-11
24: -1.4239e+00 -1.9793e+00  1e+00  5e-05  1e-11
25: -1.2844e+00 -1.2997e+00  3e-02  9e-07  1e-11
26: -1.2800e+00 -1.2801e+00  3e-04  1e-08  1e-11
27: -1.2799e+00 -1.2799e+00  3e-06  1e-10  1e-11
28: -1.2799e+00 -1.2799e+00  3e-08  1e-12  1e-11
Optimal solution found.
----------Done----------
----------Calculating weights...----------
5 support vectors out of 1500 points
----------Done----------
1500 out of 1500 training data correct, 0 out of 1500 training data wrong
correct rate = 1.0
wrong rate = 0.0
500 out of 500 predictions correct, 0 out of 500 predictions wrong
correct rate = 1.0
wrong rate = 0.0
-------------training_data2, c = 0.7---------------
----------Calculating Kernel Matrix...----------
100%|██████████| 1500/1500 [00:03<00:00, 488.30it/s]
----------Done----------
----------Constructing coefficient matrices...----------
----------Done----------
----------Solving QP problem by qp_solvers...----------
     pcost       dcost       gap    pres   dres
 0: -3.5073e+02 -2.9193e+03  2e+04  5e+00  3e-10
 1: -1.9102e+02 -2.1425e+03  5e+03  7e-01  2e-10
 2: -1.0428e+02 -6.9266e+02  1e+03  1e-01  1e-10
 3: -5.4407e+01 -1.7091e+02  2e+02  3e-02  9e-11
 4: -3.3041e+01 -8.0779e+01  1e+02  1e-02  7e-11
 5: -2.3780e+01 -5.3543e+01  7e+01  8e-03  6e-11
 6: -2.0415e+01 -4.4655e+01  6e+01  7e-03  5e-11
 7: -1.6783e+01 -3.7440e+01  5e+01  5e-03  5e-11
 8: -1.4372e+01 -3.1629e+01  5e+01  4e-03  4e-11
 9: -1.2698e+01 -3.0017e+01  5e+01  4e-03  4e-11
10: -1.1027e+01 -2.7219e+01  4e+01  3e-03  4e-11
11: -9.6945e+00 -2.4967e+01  4e+01  3e-03  3e-11
12: -8.0611e+00 -2.2027e+01  4e+01  2e-03  3e-11
13: -7.1312e+00 -2.0573e+01  3e+01  2e-03  3e-11
14: -6.0444e+00 -1.9136e+01  3e+01  2e-03  3e-11
15: -5.4541e+00 -1.7430e+01  3e+01  2e-03  2e-11
16: -4.4548e+00 -1.6654e+01  3e+01  1e-03  2e-11
17: -3.9202e+00 -1.4728e+01  3e+01  1e-03  2e-11
18: -3.5332e+00 -1.3554e+01  2e+01  1e-03  2e-11
19: -3.1418e+00 -1.1702e+01  2e+01  8e-04  2e-11
20: -2.4943e+00 -1.1278e+01  2e+01  7e-04  2e-11
21: -2.1136e+00 -9.2723e+00  2e+01  5e-04  1e-11
22: -1.7501e+00 -3.1903e+00  3e+00  1e-04  1e-11
23: -1.6138e+00 -2.7685e+00  3e+00  8e-05  1e-11
24: -6.8195e-01 -2.2420e+00  2e+00  2e-05  1e-11
25: -7.0989e-01 -2.2660e+00  2e+00  1e-05  1e-11
26: -6.3930e-01 -2.2155e+00  2e+00  1e-05  1e-11
27: -1.0231e+00 -1.6141e+00  6e-01  2e-15  1e-11
28: -1.2927e+00 -1.3179e+00  3e-02  4e-16  1e-11
29: -1.3034e+00 -1.3036e+00  3e-04  4e-15  1e-11
30: -1.3035e+00 -1.3035e+00  3e-06  3e-15  1e-11
31: -1.3035e+00 -1.3035e+00  3e-08  1e-15  1e-11
Optimal solution found.
----------Done----------
----------Calculating weights...----------
5 support vectors out of 1500 points
----------Done----------
1500 out of 1500 training data correct, 0 out of 1500 training data wrong
correct rate = 1.0
wrong rate = 0.0
500 out of 500 predictions correct, 0 out of 500 predictions wrong
correct rate = 1.0
wrong rate = 0.0
save
  0%|          | 0/1500 [00:00<?, ?it/s]-------------training_data2, c = 0.8---------------
----------Calculating Kernel Matrix...----------
100%|██████████| 1500/1500 [00:02<00:00, 504.01it/s]
----------Done----------
----------Constructing coefficient matrices...----------
----------Done----------
----------Solving QP problem by qp_solvers...----------
     pcost       dcost       gap    pres   dres
 0: -3.7136e+02 -3.4620e+03  3e+04  5e+00  3e-10
 1: -2.1000e+02 -2.4760e+03  5e+03  7e-01  2e-10
 2: -1.1279e+02 -7.6290e+02  1e+03  1e-01  1e-10
 3: -5.7900e+01 -1.8043e+02  3e+02  3e-02  9e-11
 4: -3.4680e+01 -8.5026e+01  1e+02  1e-02  7e-11
 5: -2.6195e+01 -5.9028e+01  8e+01  8e-03  6e-11
 6: -2.1973e+01 -4.8844e+01  7e+01  6e-03  5e-11
 7: -1.8595e+01 -4.2225e+01  6e+01  5e-03  5e-11
 8: -1.6473e+01 -3.6964e+01  6e+01  4e-03  5e-11
 9: -1.4523e+01 -3.4284e+01  5e+01  4e-03  4e-11
10: -1.2707e+01 -3.1241e+01  5e+01  3e-03  4e-11
11: -1.1114e+01 -2.8101e+01  5e+01  3e-03  4e-11
12: -9.2423e+00 -2.4992e+01  4e+01  2e-03  3e-11
13: -8.1600e+00 -2.3366e+01  4e+01  2e-03  3e-11
14: -6.9648e+00 -2.1659e+01  4e+01  2e-03  3e-11
15: -6.2876e+00 -1.9735e+01  3e+01  2e-03  3e-11
16: -5.1655e+00 -1.8788e+01  3e+01  1e-03  3e-11
17: -4.5679e+00 -1.6756e+01  3e+01  1e-03  2e-11
18: -4.1017e+00 -1.5356e+01  3e+01  1e-03  2e-11
19: -3.7092e+00 -1.3653e+01  2e+01  8e-04  2e-11
20: -2.9621e+00 -1.3156e+01  2e+01  8e-04  2e-11
21: -2.5345e+00 -1.1108e+01  2e+01  5e-04  2e-11
22: -2.0544e+00 -4.0345e+00  5e+00  1e-04  2e-11
23: -1.7283e+00 -3.8628e+00  5e+00  1e-04  1e-11
24: -9.9766e-01 -1.6802e+00  7e-01  9e-07  1e-11
25: -1.2039e+00 -1.4570e+00  3e-01  1e-15  1e-11
26: -1.3245e+00 -1.3300e+00  6e-03  9e-16  1e-11
27: -1.3270e+00 -1.3270e+00  6e-05  7e-16  1e-11
28: -1.3270e+00 -1.3270e+00  6e-07  8e-16  1e-11
Optimal solution found.
----------Done----------
----------Calculating weights...----------
5 support vectors out of 1500 points
----------Done----------
1500 out of 1500 training data correct, 0 out of 1500 training data wrong
correct rate = 1.0
wrong rate = 0.0
500 out of 500 predictions correct, 0 out of 500 predictions wrong
correct rate = 1.0
wrong rate = 0.0
-------------training_data2, c = 0.9---------------
----------Calculating Kernel Matrix...----------
100%|██████████| 1500/1500 [00:03<00:00, 423.37it/s]
----------Done----------
----------Constructing coefficient matrices...----------
----------Done----------
----------Solving QP problem by qp_solvers...----------
     pcost       dcost       gap    pres   dres
 0: -3.9199e+02 -4.0361e+03  3e+04  4e+00  3e-10
 1: -2.2837e+02 -2.8194e+03  6e+03  6e-01  2e-10
 2: -1.2059e+02 -8.3178e+02  1e+03  1e-01  1e-10
 3: -6.1007e+01 -1.9145e+02  3e+02  3e-02  1e-10
 4: -3.6482e+01 -9.1701e+01  1e+02  1e-02  8e-11
 5: -2.8118e+01 -6.3698e+01  9e+01  7e-03  7e-11
 6: -2.3862e+01 -5.5235e+01  8e+01  6e-03  6e-11
 7: -2.0759e+01 -4.7635e+01  7e+01  5e-03  5e-11
 8: -1.8216e+01 -4.0735e+01  6e+01  4e-03  5e-11
 9: -1.6055e+01 -3.6834e+01  6e+01  4e-03  4e-11
10: -1.4168e+01 -3.3938e+01  5e+01  3e-03  4e-11
11: -1.2348e+01 -3.0407e+01  5e+01  3e-03  4e-11
12: -1.0460e+01 -2.7626e+01  4e+01  2e-03  4e-11
13: -9.2301e+00 -2.5752e+01  4e+01  2e-03  3e-11
14: -7.8555e+00 -2.3830e+01  4e+01  2e-03  3e-11
15: -7.1103e+00 -2.1890e+01  4e+01  2e-03  3e-11
16: -5.8695e+00 -2.0786e+01  4e+01  1e-03  3e-11
17: -5.2115e+00 -1.8651e+01  3e+01  1e-03  3e-11
18: -4.6700e+00 -1.7099e+01  3e+01  1e-03  2e-11
19: -4.2633e+00 -1.5479e+01  3e+01  9e-04  2e-11
20: -3.4279e+00 -1.4916e+01  3e+01  8e-04  2e-11
21: -2.9515e+00 -1.2750e+01  2e+01  6e-04  2e-11
22: -2.4354e+00 -5.7623e+00  8e+00  2e-04  2e-11
23: -1.3282e+00 -5.5852e+00  8e+00  2e-04  2e-11
24: -1.1919e+00 -5.4907e+00  8e+00  1e-04  2e-11
25: -6.8384e-01 -4.5340e+00  6e+00  9e-05  1e-11
26: -6.1668e-01 -4.4550e+00  6e+00  7e-05  1e-11
27: -1.8999e-01 -4.3052e+00  6e+00  6e-05  9e-12
28: -7.6667e-01 -2.4824e+00  2e+00  2e-05  1e-11
29: -1.0412e+00 -1.8732e+00  1e+00  6e-06  1e-11
30: -1.0196e+00 -1.8615e+00  1e+00  6e-06  1e-11
31: -1.0044e+00 -1.8220e+00  9e-01  3e-06  1e-11
32: -1.1143e+00 -1.6646e+00  6e-01  2e-06  1e-11
33: -1.0982e+00 -1.6509e+00  6e-01  2e-06  1e-11
34: -1.3375e+00 -1.3645e+00  3e-02  4e-09  1e-11
35: -1.3504e+00 -1.3506e+00  3e-04  4e-11  1e-11
36: -1.3505e+00 -1.3505e+00  3e-06  4e-13  1e-11
37: -1.3505e+00 -1.3505e+00  3e-08  4e-15  1e-11
Optimal solution found.
----------Done----------
----------Calculating weights...----------
5 support vectors out of 1500 points
----------Done----------
1500 out of 1500 training data correct, 0 out of 1500 training data wrong
correct rate = 1.0
wrong rate = 0.0
500 out of 500 predictions correct, 0 out of 500 predictions wrong
correct rate = 1.0
wrong rate = 0.0
-------------training_data2, c = 1.0---------------
----------Calculating Kernel Matrix...----------
100%|██████████| 1500/1500 [00:04<00:00, 344.51it/s]
----------Done----------
----------Constructing coefficient matrices...----------
----------Done----------
----------Solving QP problem by qp_solvers...----------
     pcost       dcost       gap    pres   dres
 0: -4.1262e+02 -4.6416e+03  3e+04  4e+00  3e-10
 1: -2.4629e+02 -3.1738e+03  6e+03  6e-01  2e-10
 2: -1.2779e+02 -8.9752e+02  1e+03  1e-01  1e-10
 3: -6.4270e+01 -2.0905e+02  3e+02  2e-02  1e-10
 4: -3.8644e+01 -1.0039e+02  1e+02  1e-02  9e-11
 5: -2.9500e+01 -6.7753e+01  9e+01  7e-03  7e-11
 6: -2.3586e+01 -5.5767e+01  8e+01  5e-03  7e-11
 7: -2.0463e+01 -4.7575e+01  7e+01  4e-03  6e-11
 8: -1.7991e+01 -4.4084e+01  7e+01  4e-03  6e-11
 9: -1.5724e+01 -4.0096e+01  6e+01  3e-03  5e-11
10: -1.3581e+01 -3.5596e+01  6e+01  3e-03  5e-11
11: -1.1585e+01 -3.2500e+01  5e+01  2e-03  4e-11
12: -1.0164e+01 -2.9914e+01  5e+01  2e-03  4e-11
13: -8.7292e+00 -2.7858e+01  5e+01  2e-03  4e-11
14: -7.8626e+00 -2.5262e+01  4e+01  2e-03  3e-11
15: -6.5360e+00 -2.3835e+01  4e+01  1e-03  3e-11
16: -5.8083e+00 -2.1283e+01  4e+01  1e-03  3e-11
17: -5.1155e+00 -1.9268e+01  3e+01  1e-03  3e-11
18: -4.7328e+00 -1.7866e+01  3e+01  9e-04  2e-11
19: -3.8746e+00 -1.7141e+01  3e+01  8e-04  2e-11
20: -3.3453e+00 -1.4464e+01  2e+01  6e-04  2e-11
21: -2.8583e+00 -8.0992e+00  1e+01  3e-04  2e-11
22: -1.6116e+00 -7.8850e+00  1e+01  2e-04  2e-11
23: -1.4212e+00 -7.5106e+00  1e+01  2e-04  2e-11
24: -1.2014e+00 -2.3160e+00  2e+00  2e-05  1e-11
25: -1.3182e+00 -1.5513e+00  3e-01  4e-06  1e-11
26: -1.3411e+00 -1.4102e+00  7e-02  7e-16  1e-11
27: -1.3715e+00 -1.3767e+00  5e-03  2e-15  2e-11
28: -1.3740e+00 -1.3740e+00  5e-05  1e-15  1e-11
29: -1.3740e+00 -1.3740e+00  5e-07  2e-15  1e-11
Optimal solution found.
----------Done----------
----------Calculating weights...----------
5 support vectors out of 1500 points
----------Done----------
1500 out of 1500 training data correct, 0 out of 1500 training data wrong
correct rate = 1.0
wrong rate = 0.0
500 out of 500 predictions correct, 0 out of 500 predictions wrong
correct rate = 1.0
wrong rate = 0.0
save

进程已结束，退出代码为 0
